#
# There is insufficient memory for the Java Runtime Environment to continue.
# Native memory allocation (malloc) failed to allocate 1779216 bytes for Chunk::new
# Possible reasons:
#   The system is out of physical RAM or swap space
#   The process is running with CompressedOops enabled, and the Java Heap may be blocking the growth of the native heap
# Possible solutions:
#   Reduce memory load on the system
#   Increase physical memory or swap space
#   Check if swap backing store is full
#   Decrease Java heap size (-Xmx/-Xms)
#   Decrease number of Java threads
#   Decrease Java thread stack sizes (-Xss)
#   Set larger code cache with -XX:ReservedCodeCacheSize=
#   JVM is running with Unscaled Compressed Oops mode in which the Java heap is
#     placed in the first 4GB address space. The Java Heap base address is the
#     maximum limit for the native heap growth. Please use -XX:HeapBaseMinAddress
#     to set the Java Heap base and to place the Java Heap above 4GB virtual address.
# This output file may be truncated or incomplete.
#
#  Out of Memory Error (arena.cpp:197), pid=32332, tid=34980
#
# JRE version: OpenJDK Runtime Environment Microsoft-8035250 (11.0.20+8) (build 11.0.20+8-LTS)
# Java VM: OpenJDK 64-Bit Server VM Microsoft-8035250 (11.0.20+8-LTS, mixed mode, tiered, compressed oops, g1 gc, windows-amd64)
# No core dump will be written. Minidumps are not enabled by default on client versions of Windows
#

---------------  S U M M A R Y ------------

Command Line: -XX:MaxMetaspaceSize=512m --add-opens=java.base/java.util=ALL-UNNAMED --add-opens=java.base/java.lang=ALL-UNNAMED --add-opens=java.base/java.lang.invoke=ALL-UNNAMED --add-opens=java.prefs/java.util.prefs=ALL-UNNAMED --add-opens=java.base/java.nio.charset=ALL-UNNAMED --add-opens=java.base/java.net=ALL-UNNAMED --add-opens=java.base/java.util.concurrent.atomic=ALL-UNNAMED -Xmx2048m -Dfile.encoding=windows-1252 -Duser.country=IN -Duser.language=en -Duser.variant org.gradle.launcher.daemon.bootstrap.GradleDaemon 8.0.1

Host: 11th Gen Intel(R) Core(TM) i5-1135G7 @ 2.40GHz, 8 cores, 11G,  Windows 11 , 64 bit Build 22621 (10.0.22621.2215)
Time: Thu Oct 26 19:40:20 2023 India Standard Time elapsed time: 213.620320 seconds (0d 0h 3m 33s)

---------------  T H R E A D  ---------------

Current thread (0x000001a1aa1db000):  JavaThread "C2 CompilerThread0" daemon [_thread_in_native, id=34980, stack(0x000000984f900000,0x000000984fa00000)]


Current CompileTask:
C2: 213620 2541   !   4       java.net.URLClassLoader$1::run (81 bytes)

Stack: [0x000000984f900000,0x000000984fa00000]
Native frames: (J=compiled Java code, j=interpreted, Vv=VM code, C=native code)
V  [jvm.dll+0x62e9da]
V  [jvm.dll+0x7bc4e9]
V  [jvm.dll+0x7bdbd8]
V  [jvm.dll+0x7be2b3]
V  [jvm.dll+0x2505a8]
V  [jvm.dll+0xc263c]
V  [jvm.dll+0xc2bfc]
V  [jvm.dll+0x35fd82]
V  [jvm.dll+0x32bf13]
V  [jvm.dll+0x32b24a]
V  [jvm.dll+0x2097e3]
V  [jvm.dll+0x20893d]
V  [jvm.dll+0x18a7de]
V  [jvm.dll+0x2181ec]
V  [jvm.dll+0x21642b]
V  [jvm.dll+0x77efc0]
V  [jvm.dll+0x777db4]
V  [jvm.dll+0x62d845]
C  [ucrtbase.dll+0x29363]
C  [KERNEL32.DLL+0x1257d]
C  [ntdll.dll+0x5aa68]


---------------  P R O C E S S  ---------------

Threads class SMR info:
_java_thread_list=0x000001a1ad41e150, length=23, elements={
0x000001a18908d000, 0x000001a1aa1c7000, 0x000001a1aa1c9800, 0x000001a1aa1d5800,
0x000001a1aa1d6800, 0x000001a1aa1d9800, 0x000001a1aa1db000, 0x000001a1aaa34000,
0x000001a1aaa9a800, 0x000001a1aabaa000, 0x000001a1ab8d1800, 0x000001a1abffc800,
0x000001a1abce1800, 0x000001a1ab8e2000, 0x000001a1ab0d2800, 0x000001a1ad137800,
0x000001a1abf90000, 0x000001a1abb56000, 0x000001a1acb88800, 0x000001a1abbb5800,
0x000001a1abbb3000, 0x000001a1abbb2000, 0x000001a1abbb7000
}

Java Threads: ( => current thread )
  0x000001a18908d000 JavaThread "main" [_thread_blocked, id=27092, stack(0x000000984ed00000,0x000000984ee00000)]
  0x000001a1aa1c7000 JavaThread "Reference Handler" daemon [_thread_blocked, id=34868, stack(0x000000984f400000,0x000000984f500000)]
  0x000001a1aa1c9800 JavaThread "Finalizer" daemon [_thread_blocked, id=34880, stack(0x000000984f500000,0x000000984f600000)]
  0x000001a1aa1d5800 JavaThread "Signal Dispatcher" daemon [_thread_blocked, id=34968, stack(0x000000984f600000,0x000000984f700000)]
  0x000001a1aa1d6800 JavaThread "Attach Listener" daemon [_thread_blocked, id=34972, stack(0x000000984f700000,0x000000984f800000)]
  0x000001a1aa1d9800 JavaThread "Service Thread" daemon [_thread_blocked, id=34976, stack(0x000000984f800000,0x000000984f900000)]
=>0x000001a1aa1db000 JavaThread "C2 CompilerThread0" daemon [_thread_in_native, id=34980, stack(0x000000984f900000,0x000000984fa00000)]
  0x000001a1aaa34000 JavaThread "C1 CompilerThread0" daemon [_thread_blocked, id=35044, stack(0x000000984fa00000,0x000000984fb00000)]
  0x000001a1aaa9a800 JavaThread "Sweeper thread" daemon [_thread_blocked, id=35076, stack(0x000000984fb00000,0x000000984fc00000)]
  0x000001a1aabaa000 JavaThread "Common-Cleaner" daemon [_thread_blocked, id=35328, stack(0x000000984fc00000,0x000000984fd00000)]
  0x000001a1ab8d1800 JavaThread "Daemon health stats" [_thread_blocked, id=33304, stack(0x0000009850100000,0x0000009850200000)]
  0x000001a1abffc800 JavaThread "Incoming local TCP Connector on port 50782" [_thread_in_native, id=34700, stack(0x0000009850200000,0x0000009850300000)]
  0x000001a1abce1800 JavaThread "Daemon periodic checks" [_thread_blocked, id=37340, stack(0x0000009850300000,0x0000009850400000)]
  0x000001a1ab8e2000 JavaThread "Daemon" [_thread_blocked, id=16788, stack(0x0000009850500000,0x0000009850600000)]
  0x000001a1ab0d2800 JavaThread "Handler for socket connection from /127.0.0.1:50782 to /127.0.0.1:50825" [_thread_in_native, id=25076, stack(0x0000009850600000,0x0000009850700000)]
  0x000001a1ad137800 JavaThread "Cancel handler" [_thread_blocked, id=16260, stack(0x0000009850700000,0x0000009850800000)]
  0x000001a1abf90000 JavaThread "Daemon worker" [_thread_in_vm, id=23136, stack(0x0000009850800000,0x0000009850900000)]
  0x000001a1abb56000 JavaThread "Asynchronous log dispatcher for DefaultDaemonConnection: socket connection from /127.0.0.1:50782 to /127.0.0.1:50825" [_thread_blocked, id=25492, stack(0x000000984eb00000,0x000000984ec00000)]
  0x000001a1acb88800 JavaThread "Daemon client event forwarder" [_thread_blocked, id=21204, stack(0x0000009850a00000,0x0000009850b00000)]
  0x000001a1abbb5800 JavaThread "Cache worker for journal cache (C:\Users\david\.gradle\caches\journal-1)" [_thread_blocked, id=31996, stack(0x0000009851000000,0x0000009851100000)]
  0x000001a1abbb3000 JavaThread "File lock request listener" [_thread_in_native, id=33364, stack(0x0000009851100000,0x0000009851200000)]
  0x000001a1abbb2000 JavaThread "File lock release action executor" [_thread_blocked, id=16380, stack(0x0000009851200000,0x0000009851300000)]
  0x000001a1abbb7000 JavaThread "Cache worker for file hash cache (C:\Users\david\.gradle\caches\8.0.1\fileHashes)" [_thread_blocked, id=31632, stack(0x0000009851300000,0x0000009851400000)]

Other Threads:
  0x000001a1aa1c0800 VMThread "VM Thread" [stack: 0x000000984f300000,0x000000984f400000] [id=5884]
  0x000001a1aabd7800 WatcherThread [stack: 0x000000984fd00000,0x000000984fe00000] [id=35344]
  0x000001a189119800 GCTaskThread "GC Thread#0" [stack: 0x000000984ee00000,0x000000984ef00000] [id=28600]
  0x000001a1ac096800 GCTaskThread "GC Thread#1" [stack: 0x000000984fe00000,0x000000984ff00000] [id=16752]
  0x000001a1ac285800 GCTaskThread "GC Thread#2" [stack: 0x000000984ff00000,0x0000009850000000] [id=25620]
  0x000001a1ac286800 GCTaskThread "GC Thread#3" [stack: 0x0000009850000000,0x0000009850100000] [id=28376]
  0x000001a1ab995000 GCTaskThread "GC Thread#4" [stack: 0x0000009850900000,0x0000009850a00000] [id=15532]
  0x000001a1ad013800 GCTaskThread "GC Thread#5" [stack: 0x0000009850b00000,0x0000009850c00000] [id=22096]
  0x000001a1ade6a000 GCTaskThread "GC Thread#6" [stack: 0x0000009850c00000,0x0000009850d00000] [id=35528]
  0x000001a1ada8d800 GCTaskThread "GC Thread#7" [stack: 0x0000009850d00000,0x0000009850e00000] [id=22196]
  0x000001a189149000 ConcurrentGCThread "G1 Main Marker" [stack: 0x000000984ef00000,0x000000984f000000] [id=7180]
  0x000001a18914a000 ConcurrentGCThread "G1 Conc#0" [stack: 0x000000984f000000,0x000000984f100000] [id=20288]
  0x000001a1ade4b800 ConcurrentGCThread "G1 Conc#1" [stack: 0x0000009850f00000,0x0000009851000000] [id=7264]
  0x000001a1aa032800 ConcurrentGCThread "G1 Refine#0" [stack: 0x000000984f100000,0x000000984f200000] [id=30568]
  0x000001a1ad132800 ConcurrentGCThread "G1 Refine#1" [stack: 0x0000009850e00000,0x0000009850f00000] [id=16604]
  0x000001a1aa033800 ConcurrentGCThread "G1 Young RemSet Sampling" [stack: 0x000000984f200000,0x000000984f300000] [id=30028]

Threads with active compile tasks:
C2 CompilerThread0   213684 2541   !   4       java.net.URLClassLoader$1::run (81 bytes)

VM state:not at safepoint (normal execution)

VM Mutex/Monitor currently owned by a thread: None

Heap address: 0x0000000080000000, size: 2048 MB, Compressed Oops mode: 32-bit
Narrow klass base: 0x0000000000000000, Narrow klass shift: 3
Compressed class space size: 528482304 Address: 0x0000000100000000

Heap:
 garbage-first heap   total 194560K, used 41271K [0x0000000080000000, 0x0000000100000000)
  region size 1024K, 24 young (24576K), 1 survivors (1024K)
 Metaspace       used 24184K, capacity 24832K, committed 25088K, reserved 538624K
  class space    used 2967K, capacity 3205K, committed 3328K, reserved 516096K
Heap Regions: E=young(eden), S=young(survivor), O=old, HS=humongous(starts), HC=humongous(continues), CS=collection set, F=free, A=archive, TAMS=top-at-mark-start (previous, next)
|   0|0x0000000080000000, 0x0000000080100000, 0x0000000080100000|100%|HS|  |TAMS 0x0000000080100000, 0x0000000080000000| Complete 
|   1|0x0000000080100000, 0x0000000080200000, 0x0000000080200000|100%|HC|  |TAMS 0x0000000080200000, 0x0000000080100000| Complete 
|   2|0x0000000080200000, 0x0000000080300000, 0x0000000080300000|100%|HC|  |TAMS 0x0000000080300000, 0x0000000080200000| Complete 
|   3|0x0000000080300000, 0x0000000080400000, 0x0000000080400000|100%|HC|  |TAMS 0x0000000080400000, 0x0000000080300000| Complete 
|   4|0x0000000080400000, 0x0000000080500000, 0x0000000080500000|100%| O|  |TAMS 0x0000000080500000, 0x0000000080400000| Untracked 
|   5|0x0000000080500000, 0x0000000080600000, 0x0000000080600000|100%| O|  |TAMS 0x0000000080600000, 0x0000000080500000| Untracked 
|   6|0x0000000080600000, 0x0000000080700000, 0x0000000080700000|100%| O|  |TAMS 0x0000000080700000, 0x0000000080600000| Untracked 
|   7|0x0000000080700000, 0x0000000080800000, 0x0000000080800000|100%| O|  |TAMS 0x0000000080754c00, 0x0000000080700000| Untracked 
|   8|0x0000000080800000, 0x0000000080900000, 0x0000000080900000|100%| O|  |TAMS 0x0000000080800000, 0x0000000080800000| Untracked 
|   9|0x0000000080900000, 0x0000000080a00000, 0x0000000080a00000|100%| O|  |TAMS 0x0000000080900000, 0x0000000080900000| Untracked 
|  10|0x0000000080a00000, 0x0000000080b00000, 0x0000000080b00000|100%| O|  |TAMS 0x0000000080a00000, 0x0000000080a00000| Untracked 
|  11|0x0000000080b00000, 0x0000000080c00000, 0x0000000080c00000|100%| O|  |TAMS 0x0000000080b00000, 0x0000000080b00000| Untracked 
|  12|0x0000000080c00000, 0x0000000080d00000, 0x0000000080d00000|100%| O|  |TAMS 0x0000000080c00000, 0x0000000080c00000| Untracked 
|  13|0x0000000080d00000, 0x0000000080e00000, 0x0000000080e00000|100%| O|  |TAMS 0x0000000080d00000, 0x0000000080d00000| Untracked 
|  14|0x0000000080e00000, 0x0000000080f00000, 0x0000000080f00000|100%| O|  |TAMS 0x0000000080e00000, 0x0000000080e00000| Untracked 
|  15|0x0000000080f00000, 0x0000000081000000, 0x0000000081000000|100%| O|  |TAMS 0x0000000080f00000, 0x0000000080f00000| Untracked 
|  16|0x0000000081000000, 0x0000000081100000, 0x0000000081100000|100%| O|  |TAMS 0x0000000081000000, 0x0000000081000000| Untracked 
|  17|0x0000000081100000, 0x00000000811b0800, 0x0000000081200000| 68%| O|  |TAMS 0x0000000081100000, 0x0000000081100000| Untracked 
|  18|0x0000000081200000, 0x0000000081200000, 0x0000000081300000|  0%| F|  |TAMS 0x0000000081200000, 0x0000000081200000| Untracked 
|  19|0x0000000081300000, 0x0000000081300000, 0x0000000081400000|  0%| F|  |TAMS 0x0000000081300000, 0x0000000081300000| Untracked 
|  20|0x0000000081400000, 0x0000000081400000, 0x0000000081500000|  0%| F|  |TAMS 0x0000000081400000, 0x0000000081400000| Untracked 
|  21|0x0000000081500000, 0x0000000081500000, 0x0000000081600000|  0%| F|  |TAMS 0x0000000081500000, 0x0000000081500000| Untracked 
|  22|0x0000000081600000, 0x0000000081600000, 0x0000000081700000|  0%| F|  |TAMS 0x0000000081600000, 0x0000000081600000| Untracked 
|  23|0x0000000081700000, 0x0000000081700000, 0x0000000081800000|  0%| F|  |TAMS 0x0000000081700000, 0x0000000081700000| Untracked 
|  24|0x0000000081800000, 0x0000000081800000, 0x0000000081900000|  0%| F|  |TAMS 0x0000000081800000, 0x0000000081800000| Untracked 
|  25|0x0000000081900000, 0x0000000081900000, 0x0000000081a00000|  0%| F|  |TAMS 0x0000000081900000, 0x0000000081900000| Untracked 
|  26|0x0000000081a00000, 0x0000000081a00000, 0x0000000081b00000|  0%| F|  |TAMS 0x0000000081a00000, 0x0000000081a00000| Untracked 
|  27|0x0000000081b00000, 0x0000000081b00000, 0x0000000081c00000|  0%| F|  |TAMS 0x0000000081b00000, 0x0000000081b00000| Untracked 
|  28|0x0000000081c00000, 0x0000000081c00000, 0x0000000081d00000|  0%| F|  |TAMS 0x0000000081c00000, 0x0000000081c00000| Untracked 
|  29|0x0000000081d00000, 0x0000000081d00000, 0x0000000081e00000|  0%| F|  |TAMS 0x0000000081d00000, 0x0000000081d00000| Untracked 
|  30|0x0000000081e00000, 0x0000000081e00000, 0x0000000081f00000|  0%| F|  |TAMS 0x0000000081e00000, 0x0000000081e00000| Untracked 
|  31|0x0000000081f00000, 0x0000000081f00000, 0x0000000082000000|  0%| F|  |TAMS 0x0000000081f00000, 0x0000000081f00000| Untracked 
|  32|0x0000000082000000, 0x0000000082000000, 0x0000000082100000|  0%| F|  |TAMS 0x0000000082000000, 0x0000000082000000| Untracked 
|  33|0x0000000082100000, 0x0000000082100000, 0x0000000082200000|  0%| F|  |TAMS 0x0000000082100000, 0x0000000082100000| Untracked 
|  34|0x0000000082200000, 0x0000000082200000, 0x0000000082300000|  0%| F|  |TAMS 0x0000000082200000, 0x0000000082200000| Untracked 
|  35|0x0000000082300000, 0x0000000082300000, 0x0000000082400000|  0%| F|  |TAMS 0x0000000082300000, 0x0000000082300000| Untracked 
|  36|0x0000000082400000, 0x0000000082400000, 0x0000000082500000|  0%| F|  |TAMS 0x0000000082400000, 0x0000000082400000| Untracked 
|  37|0x0000000082500000, 0x0000000082500000, 0x0000000082600000|  0%| F|  |TAMS 0x0000000082500000, 0x0000000082500000| Untracked 
|  38|0x0000000082600000, 0x0000000082600000, 0x0000000082700000|  0%| F|  |TAMS 0x0000000082600000, 0x0000000082600000| Untracked 
|  39|0x0000000082700000, 0x0000000082700000, 0x0000000082800000|  0%| F|  |TAMS 0x0000000082700000, 0x0000000082700000| Untracked 
|  40|0x0000000082800000, 0x0000000082800000, 0x0000000082900000|  0%| F|  |TAMS 0x0000000082800000, 0x0000000082800000| Untracked 
|  41|0x0000000082900000, 0x0000000082900000, 0x0000000082a00000|  0%| F|  |TAMS 0x0000000082900000, 0x0000000082900000| Untracked 
|  42|0x0000000082a00000, 0x0000000082a00000, 0x0000000082b00000|  0%| F|  |TAMS 0x0000000082a00000, 0x0000000082a00000| Untracked 
|  43|0x0000000082b00000, 0x0000000082b00000, 0x0000000082c00000|  0%| F|  |TAMS 0x0000000082b00000, 0x0000000082b00000| Untracked 
|  44|0x0000000082c00000, 0x0000000082c00000, 0x0000000082d00000|  0%| F|  |TAMS 0x0000000082c00000, 0x0000000082c00000| Untracked 
|  45|0x0000000082d00000, 0x0000000082d00000, 0x0000000082e00000|  0%| F|  |TAMS 0x0000000082d00000, 0x0000000082d00000| Untracked 
|  46|0x0000000082e00000, 0x0000000082e00000, 0x0000000082f00000|  0%| F|  |TAMS 0x0000000082e00000, 0x0000000082e00000| Untracked 
|  47|0x0000000082f00000, 0x0000000082f00000, 0x0000000083000000|  0%| F|  |TAMS 0x0000000082f00000, 0x0000000082f00000| Untracked 
|  48|0x0000000083000000, 0x0000000083000000, 0x0000000083100000|  0%| F|  |TAMS 0x0000000083000000, 0x0000000083000000| Untracked 
|  49|0x0000000083100000, 0x0000000083100000, 0x0000000083200000|  0%| F|  |TAMS 0x0000000083100000, 0x0000000083100000| Untracked 
|  50|0x0000000083200000, 0x0000000083200000, 0x0000000083300000|  0%| F|  |TAMS 0x0000000083200000, 0x0000000083200000| Untracked 
|  51|0x0000000083300000, 0x0000000083300000, 0x0000000083400000|  0%| F|  |TAMS 0x0000000083300000, 0x0000000083300000| Untracked 
|  52|0x0000000083400000, 0x0000000083400000, 0x0000000083500000|  0%| F|  |TAMS 0x0000000083400000, 0x0000000083400000| Untracked 
|  53|0x0000000083500000, 0x0000000083500000, 0x0000000083600000|  0%| F|  |TAMS 0x0000000083500000, 0x0000000083500000| Untracked 
|  54|0x0000000083600000, 0x0000000083600000, 0x0000000083700000|  0%| F|  |TAMS 0x0000000083600000, 0x0000000083600000| Untracked 
|  55|0x0000000083700000, 0x0000000083700000, 0x0000000083800000|  0%| F|  |TAMS 0x0000000083700000, 0x0000000083700000| Untracked 
|  56|0x0000000083800000, 0x0000000083800000, 0x0000000083900000|  0%| F|  |TAMS 0x0000000083800000, 0x0000000083800000| Untracked 
|  57|0x0000000083900000, 0x0000000083900000, 0x0000000083a00000|  0%| F|  |TAMS 0x0000000083900000, 0x0000000083900000| Untracked 
|  58|0x0000000083a00000, 0x0000000083a00000, 0x0000000083b00000|  0%| F|  |TAMS 0x0000000083a00000, 0x0000000083a00000| Untracked 
|  59|0x0000000083b00000, 0x0000000083b00000, 0x0000000083c00000|  0%| F|  |TAMS 0x0000000083b00000, 0x0000000083b00000| Untracked 
|  60|0x0000000083c00000, 0x0000000083c00000, 0x0000000083d00000|  0%| F|  |TAMS 0x0000000083c00000, 0x0000000083c00000| Untracked 
|  61|0x0000000083d00000, 0x0000000083d00000, 0x0000000083e00000|  0%| F|  |TAMS 0x0000000083d00000, 0x0000000083d00000| Untracked 
|  62|0x0000000083e00000, 0x0000000083e00000, 0x0000000083f00000|  0%| F|  |TAMS 0x0000000083e00000, 0x0000000083e00000| Untracked 
|  63|0x0000000083f00000, 0x0000000083f00000, 0x0000000084000000|  0%| F|  |TAMS 0x0000000083f00000, 0x0000000083f00000| Untracked 
|  64|0x0000000084000000, 0x0000000084000000, 0x0000000084100000|  0%| F|  |TAMS 0x0000000084000000, 0x0000000084000000| Untracked 
|  65|0x0000000084100000, 0x0000000084100000, 0x0000000084200000|  0%| F|  |TAMS 0x0000000084100000, 0x0000000084100000| Untracked 
|  66|0x0000000084200000, 0x0000000084200000, 0x0000000084300000|  0%| F|  |TAMS 0x0000000084200000, 0x0000000084200000| Untracked 
|  67|0x0000000084300000, 0x0000000084300000, 0x0000000084400000|  0%| F|  |TAMS 0x0000000084300000, 0x0000000084300000| Untracked 
|  68|0x0000000084400000, 0x0000000084400000, 0x0000000084500000|  0%| F|  |TAMS 0x0000000084400000, 0x0000000084400000| Untracked 
|  69|0x0000000084500000, 0x0000000084500000, 0x0000000084600000|  0%| F|  |TAMS 0x0000000084500000, 0x0000000084500000| Untracked 
|  70|0x0000000084600000, 0x0000000084600000, 0x0000000084700000|  0%| F|  |TAMS 0x0000000084600000, 0x0000000084600000| Untracked 
|  71|0x0000000084700000, 0x0000000084700000, 0x0000000084800000|  0%| F|  |TAMS 0x0000000084700000, 0x0000000084700000| Untracked 
|  72|0x0000000084800000, 0x0000000084800000, 0x0000000084900000|  0%| F|  |TAMS 0x0000000084800000, 0x0000000084800000| Untracked 
|  73|0x0000000084900000, 0x0000000084900000, 0x0000000084a00000|  0%| F|  |TAMS 0x0000000084900000, 0x0000000084900000| Untracked 
|  74|0x0000000084a00000, 0x0000000084a00000, 0x0000000084b00000|  0%| F|  |TAMS 0x0000000084a00000, 0x0000000084a00000| Untracked 
|  75|0x0000000084b00000, 0x0000000084b00000, 0x0000000084c00000|  0%| F|  |TAMS 0x0000000084b00000, 0x0000000084b00000| Untracked 
|  76|0x0000000084c00000, 0x0000000084c00000, 0x0000000084d00000|  0%| F|  |TAMS 0x0000000084c00000, 0x0000000084c00000| Untracked 
|  77|0x0000000084d00000, 0x0000000084d00000, 0x0000000084e00000|  0%| F|  |TAMS 0x0000000084d00000, 0x0000000084d00000| Untracked 
|  78|0x0000000084e00000, 0x0000000084e00000, 0x0000000084f00000|  0%| F|  |TAMS 0x0000000084e00000, 0x0000000084e00000| Untracked 
|  79|0x0000000084f00000, 0x0000000084f00000, 0x0000000085000000|  0%| F|  |TAMS 0x0000000084f00000, 0x0000000084f00000| Untracked 
|  80|0x0000000085000000, 0x0000000085000000, 0x0000000085100000|  0%| F|  |TAMS 0x0000000085000000, 0x0000000085000000| Untracked 
|  81|0x0000000085100000, 0x0000000085100000, 0x0000000085200000|  0%| F|  |TAMS 0x0000000085100000, 0x0000000085100000| Untracked 
|  82|0x0000000085200000, 0x0000000085200000, 0x0000000085300000|  0%| F|  |TAMS 0x0000000085200000, 0x0000000085200000| Untracked 
|  83|0x0000000085300000, 0x0000000085300000, 0x0000000085400000|  0%| F|  |TAMS 0x0000000085300000, 0x0000000085300000| Untracked 
|  84|0x0000000085400000, 0x0000000085400000, 0x0000000085500000|  0%| F|  |TAMS 0x0000000085400000, 0x0000000085400000| Untracked 
|  85|0x0000000085500000, 0x0000000085500000, 0x0000000085600000|  0%| F|  |TAMS 0x0000000085500000, 0x0000000085500000| Untracked 
|  86|0x0000000085600000, 0x0000000085600000, 0x0000000085700000|  0%| F|  |TAMS 0x0000000085600000, 0x0000000085600000| Untracked 
|  87|0x0000000085700000, 0x0000000085700000, 0x0000000085800000|  0%| F|  |TAMS 0x0000000085700000, 0x0000000085700000| Untracked 
|  88|0x0000000085800000, 0x0000000085800000, 0x0000000085900000|  0%| F|  |TAMS 0x0000000085800000, 0x0000000085800000| Untracked 
|  89|0x0000000085900000, 0x0000000085900000, 0x0000000085a00000|  0%| F|  |TAMS 0x0000000085900000, 0x0000000085900000| Untracked 
|  90|0x0000000085a00000, 0x0000000085a00000, 0x0000000085b00000|  0%| F|  |TAMS 0x0000000085a00000, 0x0000000085a00000| Untracked 
|  91|0x0000000085b00000, 0x0000000085b00000, 0x0000000085c00000|  0%| F|  |TAMS 0x0000000085b00000, 0x0000000085b00000| Untracked 
|  92|0x0000000085c00000, 0x0000000085c00000, 0x0000000085d00000|  0%| F|  |TAMS 0x0000000085c00000, 0x0000000085c00000| Untracked 
|  93|0x0000000085d00000, 0x0000000085d00000, 0x0000000085e00000|  0%| F|  |TAMS 0x0000000085d00000, 0x0000000085d00000| Untracked 
|  94|0x0000000085e00000, 0x0000000085e00000, 0x0000000085f00000|  0%| F|  |TAMS 0x0000000085e00000, 0x0000000085e00000| Untracked 
|  95|0x0000000085f00000, 0x0000000085f00000, 0x0000000086000000|  0%| F|  |TAMS 0x0000000085f00000, 0x0000000085f00000| Untracked 
|  96|0x0000000086000000, 0x0000000086000000, 0x0000000086100000|  0%| F|  |TAMS 0x0000000086000000, 0x0000000086000000| Untracked 
|  97|0x0000000086100000, 0x0000000086100000, 0x0000000086200000|  0%| F|  |TAMS 0x0000000086100000, 0x0000000086100000| Untracked 
|  98|0x0000000086200000, 0x0000000086200000, 0x0000000086300000|  0%| F|  |TAMS 0x0000000086200000, 0x0000000086200000| Untracked 
|  99|0x0000000086300000, 0x0000000086300000, 0x0000000086400000|  0%| F|  |TAMS 0x0000000086300000, 0x0000000086300000| Untracked 
| 100|0x0000000086400000, 0x0000000086400000, 0x0000000086500000|  0%| F|  |TAMS 0x0000000086400000, 0x0000000086400000| Untracked 
| 101|0x0000000086500000, 0x0000000086500000, 0x0000000086600000|  0%| F|  |TAMS 0x0000000086500000, 0x0000000086500000| Untracked 
| 102|0x0000000086600000, 0x0000000086600000, 0x0000000086700000|  0%| F|  |TAMS 0x0000000086600000, 0x0000000086600000| Untracked 
| 103|0x0000000086700000, 0x0000000086700000, 0x0000000086800000|  0%| F|  |TAMS 0x0000000086700000, 0x0000000086700000| Untracked 
| 104|0x0000000086800000, 0x0000000086800000, 0x0000000086900000|  0%| F|  |TAMS 0x0000000086800000, 0x0000000086800000| Untracked 
| 105|0x0000000086900000, 0x0000000086900000, 0x0000000086a00000|  0%| F|  |TAMS 0x0000000086900000, 0x0000000086900000| Untracked 
| 106|0x0000000086a00000, 0x0000000086a00000, 0x0000000086b00000|  0%| F|  |TAMS 0x0000000086a00000, 0x0000000086a00000| Untracked 
| 107|0x0000000086b00000, 0x0000000086b00000, 0x0000000086c00000|  0%| F|  |TAMS 0x0000000086b00000, 0x0000000086b00000| Untracked 
| 108|0x0000000086c00000, 0x0000000086c00000, 0x0000000086d00000|  0%| F|  |TAMS 0x0000000086c00000, 0x0000000086c00000| Untracked 
| 109|0x0000000086d00000, 0x0000000086d00000, 0x0000000086e00000|  0%| F|  |TAMS 0x0000000086d00000, 0x0000000086d00000| Untracked 
| 110|0x0000000086e00000, 0x0000000086e00000, 0x0000000086f00000|  0%| F|  |TAMS 0x0000000086e00000, 0x0000000086e00000| Untracked 
| 111|0x0000000086f00000, 0x0000000086f00000, 0x0000000087000000|  0%| F|  |TAMS 0x0000000086f00000, 0x0000000086f00000| Untracked 
| 112|0x0000000087000000, 0x0000000087000000, 0x0000000087100000|  0%| F|  |TAMS 0x0000000087000000, 0x0000000087000000| Untracked 
| 113|0x0000000087100000, 0x0000000087100000, 0x0000000087200000|  0%| F|  |TAMS 0x0000000087100000, 0x0000000087100000| Untracked 
| 114|0x0000000087200000, 0x0000000087200000, 0x0000000087300000|  0%| F|  |TAMS 0x0000000087200000, 0x0000000087200000| Untracked 
| 115|0x0000000087300000, 0x0000000087300000, 0x0000000087400000|  0%| F|  |TAMS 0x0000000087300000, 0x0000000087300000| Untracked 
| 116|0x0000000087400000, 0x0000000087400000, 0x0000000087500000|  0%| F|  |TAMS 0x0000000087400000, 0x0000000087400000| Untracked 
| 117|0x0000000087500000, 0x0000000087500000, 0x0000000087600000|  0%| F|  |TAMS 0x0000000087500000, 0x0000000087500000| Untracked 
| 118|0x0000000087600000, 0x0000000087600000, 0x0000000087700000|  0%| F|  |TAMS 0x0000000087600000, 0x0000000087600000| Untracked 
| 119|0x0000000087700000, 0x0000000087700000, 0x0000000087800000|  0%| F|  |TAMS 0x0000000087700000, 0x0000000087700000| Untracked 
| 120|0x0000000087800000, 0x0000000087800000, 0x0000000087900000|  0%| F|  |TAMS 0x0000000087800000, 0x0000000087800000| Untracked 
| 121|0x0000000087900000, 0x0000000087900000, 0x0000000087a00000|  0%| F|  |TAMS 0x0000000087900000, 0x0000000087900000| Untracked 
| 122|0x0000000087a00000, 0x0000000087a00000, 0x0000000087b00000|  0%| F|  |TAMS 0x0000000087a00000, 0x0000000087a00000| Untracked 
| 123|0x0000000087b00000, 0x0000000087b00000, 0x0000000087c00000|  0%| F|  |TAMS 0x0000000087b00000, 0x0000000087b00000| Untracked 
| 124|0x0000000087c00000, 0x0000000087c00000, 0x0000000087d00000|  0%| F|  |TAMS 0x0000000087c00000, 0x0000000087c00000| Untracked 
| 125|0x0000000087d00000, 0x0000000087d00000, 0x0000000087e00000|  0%| F|  |TAMS 0x0000000087d00000, 0x0000000087d00000| Untracked 
| 126|0x0000000087e00000, 0x0000000087e00000, 0x0000000087f00000|  0%| F|  |TAMS 0x0000000087e00000, 0x0000000087e00000| Untracked 
| 127|0x0000000087f00000, 0x0000000087f00000, 0x0000000088000000|  0%| F|  |TAMS 0x0000000087f00000, 0x0000000087f00000| Untracked 
| 128|0x0000000088000000, 0x0000000088000000, 0x0000000088100000|  0%| F|  |TAMS 0x0000000088000000, 0x0000000088000000| Untracked 
| 129|0x0000000088100000, 0x0000000088100000, 0x0000000088200000|  0%| F|  |TAMS 0x0000000088100000, 0x0000000088100000| Untracked 
| 130|0x0000000088200000, 0x0000000088200000, 0x0000000088300000|  0%| F|  |TAMS 0x0000000088200000, 0x0000000088200000| Untracked 
| 131|0x0000000088300000, 0x0000000088300000, 0x0000000088400000|  0%| F|  |TAMS 0x0000000088300000, 0x0000000088300000| Untracked 
| 132|0x0000000088400000, 0x0000000088400000, 0x0000000088500000|  0%| F|  |TAMS 0x0000000088400000, 0x0000000088400000| Untracked 
| 133|0x0000000088500000, 0x0000000088500000, 0x0000000088600000|  0%| F|  |TAMS 0x0000000088500000, 0x0000000088500000| Untracked 
| 134|0x0000000088600000, 0x0000000088600000, 0x0000000088700000|  0%| F|  |TAMS 0x0000000088600000, 0x0000000088600000| Untracked 
| 135|0x0000000088700000, 0x0000000088700000, 0x0000000088800000|  0%| F|  |TAMS 0x0000000088700000, 0x0000000088700000| Untracked 
| 136|0x0000000088800000, 0x0000000088800000, 0x0000000088900000|  0%| F|  |TAMS 0x0000000088800000, 0x0000000088800000| Untracked 
| 137|0x0000000088900000, 0x0000000088900000, 0x0000000088a00000|  0%| F|  |TAMS 0x0000000088900000, 0x0000000088900000| Untracked 
| 138|0x0000000088a00000, 0x0000000088a00000, 0x0000000088b00000|  0%| F|  |TAMS 0x0000000088a00000, 0x0000000088a00000| Untracked 
| 139|0x0000000088b00000, 0x0000000088b00000, 0x0000000088c00000|  0%| F|  |TAMS 0x0000000088b00000, 0x0000000088b00000| Untracked 
| 140|0x0000000088c00000, 0x0000000088c00000, 0x0000000088d00000|  0%| F|  |TAMS 0x0000000088c00000, 0x0000000088c00000| Untracked 
| 141|0x0000000088d00000, 0x0000000088d00000, 0x0000000088e00000|  0%| F|  |TAMS 0x0000000088d00000, 0x0000000088d00000| Untracked 
| 142|0x0000000088e00000, 0x0000000088e00000, 0x0000000088f00000|  0%| F|  |TAMS 0x0000000088e00000, 0x0000000088e00000| Untracked 
| 143|0x0000000088f00000, 0x0000000088f00000, 0x0000000089000000|  0%| F|  |TAMS 0x0000000088f00000, 0x0000000088f00000| Untracked 
| 144|0x0000000089000000, 0x0000000089000000, 0x0000000089100000|  0%| F|  |TAMS 0x0000000089000000, 0x0000000089000000| Untracked 
| 145|0x0000000089100000, 0x0000000089100000, 0x0000000089200000|  0%| F|  |TAMS 0x0000000089100000, 0x0000000089100000| Untracked 
| 146|0x0000000089200000, 0x0000000089200000, 0x0000000089300000|  0%| F|  |TAMS 0x0000000089200000, 0x0000000089200000| Untracked 
| 147|0x0000000089300000, 0x0000000089300000, 0x0000000089400000|  0%| F|  |TAMS 0x0000000089300000, 0x0000000089300000| Untracked 
| 148|0x0000000089400000, 0x0000000089400000, 0x0000000089500000|  0%| F|  |TAMS 0x0000000089400000, 0x0000000089400000| Untracked 
| 149|0x0000000089500000, 0x0000000089500000, 0x0000000089600000|  0%| F|  |TAMS 0x0000000089500000, 0x0000000089500000| Untracked 
| 150|0x0000000089600000, 0x0000000089600000, 0x0000000089700000|  0%| F|  |TAMS 0x0000000089600000, 0x0000000089600000| Untracked 
| 151|0x0000000089700000, 0x0000000089700000, 0x0000000089800000|  0%| F|  |TAMS 0x0000000089700000, 0x0000000089700000| Untracked 
| 152|0x0000000089800000, 0x0000000089800000, 0x0000000089900000|  0%| F|  |TAMS 0x0000000089800000, 0x0000000089800000| Untracked 
| 153|0x0000000089900000, 0x0000000089900000, 0x0000000089a00000|  0%| F|  |TAMS 0x0000000089900000, 0x0000000089900000| Untracked 
| 154|0x0000000089a00000, 0x0000000089a00000, 0x0000000089b00000|  0%| F|  |TAMS 0x0000000089a00000, 0x0000000089a00000| Untracked 
| 155|0x0000000089b00000, 0x0000000089b00000, 0x0000000089c00000|  0%| F|  |TAMS 0x0000000089b00000, 0x0000000089b00000| Untracked 
| 156|0x0000000089c00000, 0x0000000089c00000, 0x0000000089d00000|  0%| F|  |TAMS 0x0000000089c00000, 0x0000000089c00000| Untracked 
| 157|0x0000000089d00000, 0x0000000089d00000, 0x0000000089e00000|  0%| F|  |TAMS 0x0000000089d00000, 0x0000000089d00000| Untracked 
| 158|0x0000000089e00000, 0x0000000089e00000, 0x0000000089f00000|  0%| F|  |TAMS 0x0000000089e00000, 0x0000000089e00000| Untracked 
| 159|0x0000000089f00000, 0x0000000089f00000, 0x000000008a000000|  0%| F|  |TAMS 0x0000000089f00000, 0x0000000089f00000| Untracked 
| 160|0x000000008a000000, 0x000000008a000000, 0x000000008a100000|  0%| F|  |TAMS 0x000000008a000000, 0x000000008a000000| Untracked 
| 161|0x000000008a100000, 0x000000008a100000, 0x000000008a200000|  0%| F|  |TAMS 0x000000008a100000, 0x000000008a100000| Untracked 
| 162|0x000000008a200000, 0x000000008a200000, 0x000000008a300000|  0%| F|  |TAMS 0x000000008a200000, 0x000000008a200000| Untracked 
| 163|0x000000008a300000, 0x000000008a300000, 0x000000008a400000|  0%| F|  |TAMS 0x000000008a300000, 0x000000008a300000| Untracked 
| 164|0x000000008a400000, 0x000000008a400000, 0x000000008a500000|  0%| F|  |TAMS 0x000000008a400000, 0x000000008a400000| Untracked 
| 165|0x000000008a500000, 0x000000008a500000, 0x000000008a600000|  0%| F|  |TAMS 0x000000008a500000, 0x000000008a500000| Untracked 
| 166|0x000000008a600000, 0x000000008a6babc8, 0x000000008a700000| 72%| E|  |TAMS 0x000000008a600000, 0x000000008a600000| Complete 
| 167|0x000000008a700000, 0x000000008a800000, 0x000000008a800000|100%| E|CS|TAMS 0x000000008a700000, 0x000000008a700000| Complete 
| 168|0x000000008a800000, 0x000000008a900000, 0x000000008a900000|100%| E|CS|TAMS 0x000000008a800000, 0x000000008a800000| Complete 
| 169|0x000000008a900000, 0x000000008aa00000, 0x000000008aa00000|100%| E|CS|TAMS 0x000000008a900000, 0x000000008a900000| Complete 
| 170|0x000000008aa00000, 0x000000008ab00000, 0x000000008ab00000|100%| E|CS|TAMS 0x000000008aa00000, 0x000000008aa00000| Complete 
| 171|0x000000008ab00000, 0x000000008ac00000, 0x000000008ac00000|100%| E|CS|TAMS 0x000000008ab00000, 0x000000008ab00000| Complete 
| 172|0x000000008ac00000, 0x000000008ad00000, 0x000000008ad00000|100%| E|CS|TAMS 0x000000008ac00000, 0x000000008ac00000| Complete 
| 173|0x000000008ad00000, 0x000000008ae00000, 0x000000008ae00000|100%| E|CS|TAMS 0x000000008ad00000, 0x000000008ad00000| Complete 
| 174|0x000000008ae00000, 0x000000008af00000, 0x000000008af00000|100%| E|CS|TAMS 0x000000008ae00000, 0x000000008ae00000| Complete 
| 175|0x000000008af00000, 0x000000008af9d5f0, 0x000000008b000000| 61%| S|CS|TAMS 0x000000008af00000, 0x000000008af00000| Complete 
| 176|0x000000008b000000, 0x000000008b100000, 0x000000008b100000|100%| E|CS|TAMS 0x000000008b000000, 0x000000008b000000| Complete 
| 177|0x000000008b100000, 0x000000008b200000, 0x000000008b200000|100%| E|CS|TAMS 0x000000008b100000, 0x000000008b100000| Complete 
| 178|0x000000008b200000, 0x000000008b300000, 0x000000008b300000|100%| E|CS|TAMS 0x000000008b200000, 0x000000008b200000| Complete 
| 179|0x000000008b300000, 0x000000008b400000, 0x000000008b400000|100%| E|CS|TAMS 0x000000008b300000, 0x000000008b300000| Complete 
| 180|0x000000008b400000, 0x000000008b500000, 0x000000008b500000|100%| E|CS|TAMS 0x000000008b400000, 0x000000008b400000| Complete 
| 181|0x000000008b500000, 0x000000008b600000, 0x000000008b600000|100%| E|CS|TAMS 0x000000008b500000, 0x000000008b500000| Complete 
| 182|0x000000008b600000, 0x000000008b700000, 0x000000008b700000|100%| E|CS|TAMS 0x000000008b600000, 0x000000008b600000| Complete 
| 183|0x000000008b700000, 0x000000008b800000, 0x000000008b800000|100%| E|CS|TAMS 0x000000008b700000, 0x000000008b700000| Complete 
| 184|0x000000008b800000, 0x000000008b900000, 0x000000008b900000|100%| E|CS|TAMS 0x000000008b800000, 0x000000008b800000| Complete 
| 185|0x000000008b900000, 0x000000008ba00000, 0x000000008ba00000|100%| E|CS|TAMS 0x000000008b900000, 0x000000008b900000| Complete 
| 186|0x000000008ba00000, 0x000000008bb00000, 0x000000008bb00000|100%| E|CS|TAMS 0x000000008ba00000, 0x000000008ba00000| Complete 
| 187|0x000000008bb00000, 0x000000008bc00000, 0x000000008bc00000|100%| E|CS|TAMS 0x000000008bb00000, 0x000000008bb00000| Complete 
| 188|0x000000008bc00000, 0x000000008bd00000, 0x000000008bd00000|100%| E|CS|TAMS 0x000000008bc00000, 0x000000008bc00000| Complete 
| 189|0x000000008bd00000, 0x000000008be00000, 0x000000008be00000|100%| E|CS|TAMS 0x000000008bd00000, 0x000000008bd00000| Complete 

Card table byte_map: [0x000001a1a2eb0000,0x000001a1a32b0000] _byte_map_base: 0x000001a1a2ab0000

Marking Bits (Prev, Next): (CMBitMap*) 0x000001a18913ffc0, (CMBitMap*) 0x000001a18913ff88
 Prev Bits: [0x000001a1a56b0000, 0x000001a1a76b0000)
 Next Bits: [0x000001a1a36b0000, 0x000001a1a56b0000)

Polling page: 0x000001a1891d0000

Metaspace:

Usage:
  Non-class:     21.12 MB capacity,    20.72 MB ( 98%) used,   361.70 KB (  2%) free+waste,    48.38 KB ( <1%) overhead. 
      Class:      3.13 MB capacity,     2.90 MB ( 93%) used,   214.01 KB (  7%) free+waste,    23.88 KB ( <1%) overhead. 
       Both:     24.25 MB capacity,    23.62 MB ( 97%) used,   575.71 KB (  2%) free+waste,    72.25 KB ( <1%) overhead. 

Virtual space:
  Non-class space:       22.00 MB reserved,      21.25 MB ( 97%) committed 
      Class space:      504.00 MB reserved,       3.25 MB ( <1%) committed 
             Both:      526.00 MB reserved,      24.50 MB (  5%) committed 

Chunk freelists:
   Non-Class:  5.00 KB
       Class:  27.00 KB
        Both:  32.00 KB

MaxMetaspaceSize: 512.00 MB
CompressedClassSpaceSize: 504.00 MB
Initial GC threshold: 20.80 MB
Current GC threshold: 34.79 MB
CDS: off

CodeHeap 'non-profiled nmethods': size=120000Kb used=1292Kb max_used=1292Kb free=118707Kb
 bounds [0x000001a19ab20000, 0x000001a19ad90000, 0x000001a1a2050000]
CodeHeap 'profiled nmethods': size=120000Kb used=5328Kb max_used=5328Kb free=114671Kb
 bounds [0x000001a1935f0000, 0x000001a193b30000, 0x000001a19ab20000]
CodeHeap 'non-nmethods': size=5760Kb used=1240Kb max_used=1282Kb free=4519Kb
 bounds [0x000001a193050000, 0x000001a1932c0000, 0x000001a1935f0000]
 total_blobs=3031 nmethods=2524 adapters=419
 compilation: enabled
              stopped_count=0, restarted_count=0
 full_count=0

Compilation events (20 events):
Event: 207.044 Thread 0x000001a1aa1db000 nmethod 2530 0x000001a19ac55190 code [0x000001a19ac55380, 0x000001a19ac55e60]
Event: 207.044 Thread 0x000001a1aa1db000 2537       4       java.io.DataInputStream::readFully (63 bytes)
Event: 207.047 Thread 0x000001a1aaa34000 2538   !   3       org.gradle.internal.classloader.TransformingClassLoader::findClass (203 bytes)
Event: 207.062 Thread 0x000001a1aa1db000 nmethod 2537 0x000001a19ac56490 code [0x000001a19ac56660, 0x000001a19ac56d28]
Event: 207.173 Thread 0x000001a1aaa34000 nmethod 2538 0x000001a193b1b210 code [0x000001a193b1b760, 0x000001a193b1e078]
Event: 212.370 Thread 0x000001a1aa1db000 2540       4       java.net.URLClassLoader$1::run (5 bytes)
Event: 213.311 Thread 0x000001a1aa1db000 nmethod 2540 0x000001a19ac57090 code [0x000001a19ac576a0, 0x000001a19ac5f0a8]
Event: 213.314 Thread 0x000001a1aa1db000 2541   !   4       java.net.URLClassLoader$1::run (81 bytes)
Event: 213.577 Thread 0x000001a1aaa34000 2543       3       jdk.internal.loader.Resource::getByteBuffer (24 bytes)
Event: 213.578 Thread 0x000001a1aaa34000 nmethod 2543 0x000001a193b1f090 code [0x000001a193b1f280, 0x000001a193b1f9d8]
Event: 213.578 Thread 0x000001a1aaa34000 2544       3       java.security.SecureClassLoader::defineClass (16 bytes)
Event: 213.578 Thread 0x000001a1aaa34000 nmethod 2544 0x000001a193b1fb10 code [0x000001a193b1fce0, 0x000001a193b1fe78]
Event: 213.578 Thread 0x000001a1aaa34000 2545       3       java.util.LinkedList::unlink (91 bytes)
Event: 213.579 Thread 0x000001a1aaa34000 nmethod 2545 0x000001a193b1ff90 code [0x000001a193b20160, 0x000001a193b20538]
Event: 213.579 Thread 0x000001a1aaa34000 2546       3       org.gradle.internal.service.AbstractServiceMethod::<init> (42 bytes)
Event: 213.583 Thread 0x000001a1aaa34000 nmethod 2546 0x000001a193b20690 code [0x000001a193b20a00, 0x000001a193b22508]
Event: 213.583 Thread 0x000001a1aaa34000 2547       3       sun.reflect.generics.parser.SignatureParser::init (16 bytes)
Event: 213.583 Thread 0x000001a1aaa34000 nmethod 2547 0x000001a193b22c90 code [0x000001a193b22e40, 0x000001a193b22f98]
Event: 213.597 Thread 0x000001a1aaa34000 2548       3       sun.reflect.generics.parser.SignatureParser::parseFieldTypeSignature (6 bytes)
Event: 213.597 Thread 0x000001a1aaa34000 nmethod 2548 0x000001a193b23010 code [0x000001a193b231c0, 0x000001a193b232e8]

GC Heap History (8 events):
Event: 18.646 GC heap before
{Heap before GC invocations=0 (full 0):
 garbage-first heap   total 194560K, used 27648K [0x0000000080000000, 0x0000000100000000)
  region size 1024K, 24 young (24576K), 0 survivors (0K)
 Metaspace       used 10142K, capacity 10390K, committed 10624K, reserved 526336K
  class space    used 1033K, capacity 1107K, committed 1152K, reserved 516096K
}
Event: 19.227 GC heap after
{Heap after GC invocations=1 (full 0):
 garbage-first heap   total 194560K, used 10579K [0x0000000080000000, 0x0000000100000000)
  region size 1024K, 3 young (3072K), 3 survivors (3072K)
 Metaspace       used 10142K, capacity 10390K, committed 10624K, reserved 526336K
  class space    used 1033K, capacity 1107K, committed 1152K, reserved 516096K
}
Event: 157.637 GC heap before
{Heap before GC invocations=1 (full 0):
 garbage-first heap   total 194560K, used 94547K [0x0000000080000000, 0x0000000100000000)
  region size 1024K, 86 young (88064K), 3 survivors (3072K)
 Metaspace       used 20591K, capacity 21008K, committed 21248K, reserved 536576K
  class space    used 2395K, capacity 2544K, committed 2560K, reserved 516096K
}
Event: 159.211 GC heap after
{Heap after GC invocations=2 (full 0):
 garbage-first heap   total 194560K, used 18087K [0x0000000080000000, 0x0000000100000000)
  region size 1024K, 11 young (11264K), 11 survivors (11264K)
 Metaspace       used 20591K, capacity 21008K, committed 21248K, reserved 536576K
  class space    used 2395K, capacity 2544K, committed 2560K, reserved 516096K
}
Event: 167.458 GC heap before
{Heap before GC invocations=3 (full 0):
 garbage-first heap   total 194560K, used 19111K [0x0000000080000000, 0x0000000100000000)
  region size 1024K, 12 young (12288K), 11 survivors (11264K)
 Metaspace       used 20616K, capacity 21043K, committed 21376K, reserved 536576K
  class space    used 2404K, capacity 2577K, committed 2688K, reserved 516096K
}
Event: 167.505 GC heap after
{Heap after GC invocations=4 (full 0):
 garbage-first heap   total 194560K, used 18828K [0x0000000080000000, 0x0000000100000000)
  region size 1024K, 1 young (1024K), 1 survivors (1024K)
 Metaspace       used 20616K, capacity 21043K, committed 21376K, reserved 536576K
  class space    used 2404K, capacity 2577K, committed 2688K, reserved 516096K
}
Event: 186.185 GC heap before
{Heap before GC invocations=4 (full 0):
 garbage-first heap   total 194560K, used 32140K [0x0000000080000000, 0x0000000100000000)
  region size 1024K, 14 young (14336K), 1 survivors (1024K)
 Metaspace       used 22073K, capacity 22511K, committed 22784K, reserved 536576K
  class space    used 2624K, capacity 2791K, committed 2816K, reserved 516096K
}
Event: 186.190 GC heap after
{Heap after GC invocations=5 (full 0):
 garbage-first heap   total 194560K, used 18743K [0x0000000080000000, 0x0000000100000000)
  region size 1024K, 1 young (1024K), 1 survivors (1024K)
 Metaspace       used 22073K, capacity 22511K, committed 22784K, reserved 536576K
  class space    used 2624K, capacity 2791K, committed 2816K, reserved 516096K
}

Deoptimization events (20 events):
Event: 183.600 Thread 0x000001a1abf90000 Uncommon trap: trap_request=0xffffff4d fr.pc=0x000001a19ab3d988 relative=0x0000000000000ae8
Event: 183.600 Thread 0x000001a1abf90000 Uncommon trap: reason=unstable_if action=reinterpret pc=0x000001a19ab3d988 method=java.io.WinNTFileSystem.resolve(Ljava/lang/String;Ljava/lang/String;)Ljava/lang/String; @ 19 c2
Event: 183.600 Thread 0x000001a1abf90000 DEOPT PACKING pc=0x000001a19ab3d988 sp=0x00000098508fd1a0
Event: 183.600 Thread 0x000001a1abf90000 DEOPT UNPACKING pc=0x000001a1930585af sp=0x00000098508fd138 mode 2
Event: 183.620 Thread 0x000001a1abf90000 Uncommon trap: trap_request=0xffffffc6 fr.pc=0x000001a19ab9d124 relative=0x0000000000000084
Event: 183.620 Thread 0x000001a1abf90000 Uncommon trap: reason=bimorphic_or_optimized_type_check action=maybe_recompile pc=0x000001a19ab9d124 method=java.util.AbstractList$Itr.hasNext()Z @ 8 c2
Event: 183.620 Thread 0x000001a1abf90000 DEOPT PACKING pc=0x000001a19ab9d124 sp=0x00000098508fc700
Event: 183.620 Thread 0x000001a1abf90000 DEOPT UNPACKING pc=0x000001a1930585af sp=0x00000098508fc698 mode 2
Event: 183.620 Thread 0x000001a1abf90000 Uncommon trap: trap_request=0xffffffc6 fr.pc=0x000001a19ab9d4d4 relative=0x0000000000000114
Event: 183.620 Thread 0x000001a1abf90000 Uncommon trap: reason=bimorphic_or_optimized_type_check action=maybe_recompile pc=0x000001a19ab9d4d4 method=java.util.AbstractList$Itr.next()Ljava/lang/Object; @ 14 c2
Event: 183.620 Thread 0x000001a1abf90000 DEOPT PACKING pc=0x000001a19ab9d4d4 sp=0x00000098508fc6f0
Event: 183.620 Thread 0x000001a1abf90000 DEOPT UNPACKING pc=0x000001a1930585af sp=0x00000098508fc688 mode 2
Event: 183.690 Thread 0x000001a1abf90000 Uncommon trap: trap_request=0xffffff4d fr.pc=0x000001a19ab9975c relative=0x000000000000051c
Event: 183.690 Thread 0x000001a1abf90000 Uncommon trap: reason=unstable_if action=reinterpret pc=0x000001a19ab9975c method=java.io.File.getName()Ljava/lang/String; @ 16 c2
Event: 183.690 Thread 0x000001a1abf90000 DEOPT PACKING pc=0x000001a19ab9975c sp=0x00000098508fd130
Event: 183.690 Thread 0x000001a1abf90000 DEOPT UNPACKING pc=0x000001a1930585af sp=0x00000098508fd100 mode 2
Event: 183.690 Thread 0x000001a1abf90000 Uncommon trap: trap_request=0xffffff4d fr.pc=0x000001a19ab945b4 relative=0x0000000000000474
Event: 183.690 Thread 0x000001a1abf90000 Uncommon trap: reason=unstable_if action=reinterpret pc=0x000001a19ab945b4 method=java.lang.String.substring(I)Ljava/lang/String; @ 34 c2
Event: 183.690 Thread 0x000001a1abf90000 DEOPT PACKING pc=0x000001a19ab945b4 sp=0x00000098508fd0b0
Event: 183.690 Thread 0x000001a1abf90000 DEOPT UNPACKING pc=0x000001a1930585af sp=0x00000098508fd088 mode 2

Classes redefined (0 events):
No events

Internal exceptions (20 events):
Event: 71.150 Thread 0x000001a1abce1800 Implicit null exception at 0x000001a19ab55374 to 0x000001a19ab5584c
Event: 122.050 Thread 0x000001a1abf90000 Exception <a 'java/lang/NoSuchMethodError'{0x000000008772bc70}: 'long java.lang.invoke.DirectMethodHandle$Holder.invokeInterface(java.lang.Object, java.lang.Object)'> (0x000000008772bc70) thrown at [s\src\hotspot\share\interpreter\linkResolver.cpp, line 773]
Event: 126.225 Thread 0x000001a1abf90000 Exception <a 'java/lang/NoSuchMethodError'{0x0000000087781dd8}: 'java.lang.Object java.lang.invoke.DirectMethodHandle$Holder.invokeVirtual(java.lang.Object, java.lang.Object, java.lang.Object)'> (0x0000000087781dd8) thrown at [s\src\hotspot\share\interpreter\linkResolver.cpp, line 773]
Event: 151.945 Thread 0x000001a1abf90000 Exception <a 'java/lang/NoSuchMethodError'{0x0000000086dcf108}: 'java.lang.Object java.lang.invoke.Invokers$Holder.linkToTargetMethod(java.lang.Object, java.lang.Object, java.lang.Object, java.lang.Object, java.lang.Object, java.lang.Object)'> (0x0000000086dcf108) thrown at [s\src\hotspot\share\interpreter\linkResolver.cpp, line 773]
Event: 152.062 Thread 0x000001a1abf90000 Exception <a 'java/lang/NoSuchMethodError'{0x0000000086dfbbd0}: 'void java.lang.invoke.DirectMethodHandle$Holder.invokeSpecial(java.lang.Object, java.lang.Object, java.lang.Object, java.lang.Object, java.lang.Object, java.lang.Object)'> (0x0000000086dfbbd0) thrown at [s\src\hotspot\share\interpreter\linkResolver.cpp, line 773]
Event: 152.195 Thread 0x000001a1abf90000 Exception <a 'java/lang/NoSuchMethodError'{0x0000000086c29020}: 'java.lang.Object java.lang.invoke.DirectMethodHandle$Holder.invokeSpecial(java.lang.Object, java.lang.Object, java.lang.Object, java.lang.Object, java.lang.Object, java.lang.Object, java.lang.Object, java.lang.Object, int, int)'> (0x0000000086c29020) thrown at [s\src\hotspot\share\interpreter\linkResolver.cpp, line 773]
Event: 154.143 Thread 0x000001a1abf90000 Exception <a 'java/lang/NoSuchMethodError'{0x0000000086b45370}: 'java.lang.Object java.lang.invoke.DirectMethodHandle$Holder.invokeStatic(java.lang.Object, java.lang.Object, java.lang.Object, int, java.lang.Object, java.lang.Object)'> (0x0000000086b45370) thrown at [s\src\hotspot\share\interpreter\linkResolver.cpp, line 773]
Event: 154.151 Thread 0x000001a1abf90000 Exception <a 'java/lang/NoSuchMethodError'{0x0000000086b4c7d8}: 'java.lang.Object java.lang.invoke.Invokers$Holder.linkToTargetMethod(java.lang.Object, java.lang.Object, int, java.lang.Object, java.lang.Object, java.lang.Object)'> (0x0000000086b4c7d8) thrown at [s\src\hotspot\share\interpreter\linkResolver.cpp, line 773]
Event: 155.560 Thread 0x000001a1abf90000 Exception <a 'java/lang/NoSuchMethodError'{0x0000000086982888}: 'void java.lang.invoke.DelegatingMethodHandle$Holder.reinvoke_L(java.lang.Object, java.lang.Object, java.lang.Object, java.lang.Object, java.lang.Object, java.lang.Object, java.lang.Object, java.lang.Object, java.lang.Object, java.lang.Object, java.lang.Object)'> (0x0000000086982888) thrown at [s\src\hotspot\share\interpreter\linkResolver.cpp, line 773]
Event: 155.568 Thread 0x000001a1abf90000 Exception <a 'java/lang/NoSuchMethodError'{0x000000008698ab78}: 'java.lang.Object java.lang.invoke.DirectMethodHandle$Holder.invokeSpecial(java.lang.Object, java.lang.Object, java.lang.Object, java.lang.Object, java.lang.Object, java.lang.Object, java.lang.Object, java.lang.Object, java.lang.Object, java.lang.Object, java.lang.Object)'> (0x000000008698ab78) thrown at [s\src\hotspot\share\interpreter\linkResolver.cpp, line 773]
Event: 155.568 Thread 0x000001a1abf90000 Exception <a 'java/lang/NoSuchMethodError'{0x000000008698f2e8}: 'java.lang.Object java.lang.invoke.Invokers$Holder.invoker(java.lang.Object, java.lang.Object, java.lang.Object, java.lang.Object, java.lang.Object, java.lang.Object, java.lang.Object, java.lang.Object, java.lang.Object, java.lang.Object, java.lang.Object)'> (0x000000008698f2e8) thrown at [s\src\hotspot\share\interpreter\linkResolver.cpp, line 773]
Event: 155.577 Thread 0x000001a1abf90000 Exception <a 'java/lang/NoSuchMethodError'{0x0000000086994298}: 'java.lang.Object java.lang.invoke.DirectMethodHandle$Holder.invokeSpecial(java.lang.Object, java.lang.Object, java.lang.Object, java.lang.Object, java.lang.Object, java.lang.Object, java.lang.Object, java.lang.Object, java.lang.Object, java.lang.Object, java.lang.Object, java.lang.Object)'> (0x0000000086994298) thrown at [s\src\hotspot\share\interpreter\linkResolver.cpp, line 773]
Event: 165.976 Thread 0x000001a1abf90000 Exception <a 'java/lang/NoSuchMethodError'{0x000000008bd6e188}: 'java.lang.Object java.lang.invoke.DirectMethodHandle$Holder.invokeSpecial(java.lang.Object, java.lang.Object, java.lang.Object, java.lang.Object, java.lang.Object, java.lang.Object, java.lang.Object, java.lang.Object, java.lang.Object)'> (0x000000008bd6e188) thrown at [s\src\hotspot\share\interpreter\linkResolver.cpp, line 773]
Event: 174.858 Thread 0x000001a1abf90000 Exception <a 'java/lang/NoSuchMethodError'{0x000000008b699d10}: 'void java.lang.invoke.DirectMethodHandle$Holder.invokeStaticInit(java.lang.Object)'> (0x000000008b699d10) thrown at [s\src\hotspot\share\interpreter\linkResolver.cpp, line 773]
Event: 179.300 Thread 0x000001a1abf90000 Exception <a 'java/lang/NoSuchMethodError'{0x000000008b566670}: 'java.lang.Object java.lang.invoke.DirectMethodHandle$Holder.invokeStatic(java.lang.Object, java.lang.Object, java.lang.Object, int)'> (0x000000008b566670) thrown at [s\src\hotspot\share\interpreter\linkResolver.cpp, line 773]
Event: 179.390 Thread 0x000001a1abf90000 Exception <a 'java/lang/NoSuchMethodError'{0x000000008b56a838}: 'java.lang.Object java.lang.invoke.DirectMethodHandle$Holder.invokeSpecial(java.lang.Object, java.lang.Object, java.lang.Object, java.lang.Object, int)'> (0x000000008b56a838) thrown at [s\src\hotspot\share\interpreter\linkResolver.cpp, line 773]
Event: 179.459 Thread 0x000001a1abf90000 Exception <a 'java/lang/NoSuchMethodError'{0x000000008b56e220}: 'java.lang.Object java.lang.invoke.Invokers$Holder.linkToTargetMethod(java.lang.Object, java.lang.Object, int, java.lang.Object)'> (0x000000008b56e220) thrown at [s\src\hotspot\share\interpreter\linkResolver.cpp, line 773]
Event: 196.407 Thread 0x000001a1abf90000 Exception <a 'java/lang/NoSuchMethodError'{0x000000008b389478}: 'int java.lang.invoke.DirectMethodHandle$Holder.invokeSpecialIFC(java.lang.Object, java.lang.Object, java.lang.Object, java.lang.Object)'> (0x000000008b389478) thrown at [s\src\hotspot\share\interpreter\linkResolver.cpp, line 773]
Event: 196.431 Thread 0x000001a1abf90000 Exception <a 'java/lang/NoSuchMethodError'{0x000000008b397430}: 'java.lang.Object java.lang.invoke.DirectMethodHandle$Holder.invokeInterface(java.lang.Object, java.lang.Object, java.lang.Object)'> (0x000000008b397430) thrown at [s\src\hotspot\share\interpreter\linkResolver.cpp, line 773]
Event: 196.432 Thread 0x000001a1abf90000 Exception <a 'java/lang/IncompatibleClassChangeError'{0x000000008b39a908}: Found class java.lang.Object, but interface was expected> (0x000000008b39a908) thrown at [s\src\hotspot\share\interpreter\linkResolver.cpp, line 839]

Events (20 events):
Event: 212.979 loading class org/gradle/internal/resource/cached/AbstractCachedIndex
Event: 212.979 loading class org/gradle/internal/resource/cached/AbstractCachedIndex done
Event: 213.034 loading class org/gradle/api/internal/artifacts/ivyservice/modulecache/SuppliedComponentMetadataSerializer
Event: 213.034 loading class org/gradle/api/internal/artifacts/ivyservice/modulecache/SuppliedComponentMetadataSerializer done
Event: 213.368 loading class org/gradle/api/internal/artifacts/ivyservice/modulecache/ModuleComponentResolveMetadataSerializer
Event: 213.368 loading class org/gradle/api/internal/artifacts/ivyservice/modulecache/ModuleComponentResolveMetadataSerializer done
Event: 213.410 loading class org/gradle/internal/management/DependencyResolutionManagementInternal
Event: 213.410 loading class org/gradle/internal/management/DependencyResolutionManagementInternal done
Event: 213.551 loading class org/gradle/api/initialization/resolve/DependencyResolutionManagement
Event: 213.552 loading class org/gradle/api/initialization/resolve/DependencyResolutionManagement done
Event: 213.553 loading class org/gradle/internal/verifier/HttpRedirectVerifier
Event: 213.553 loading class org/gradle/internal/verifier/HttpRedirectVerifier done
Event: 213.556 loading class org/gradle/internal/resolve/caching/ComponentMetadataRuleExecutor
Event: 213.556 loading class org/gradle/internal/resolve/caching/ComponentMetadataRuleExecutor done
Event: 213.563 loading class org/gradle/internal/resource/local/LocallyAvailableResourceFinder
Event: 213.563 loading class org/gradle/internal/resource/local/LocallyAvailableResourceFinder done
Event: 213.581 loading class org/gradle/api/internal/artifacts/ivyservice/ivyresolve/ResolverProviderFactory
Event: 213.581 loading class org/gradle/api/internal/artifacts/ivyservice/ivyresolve/ResolverProviderFactory done
Event: 213.603 loading class org/gradle/internal/component/external/model/ModuleComponentArtifactMetadata
Event: 213.603 loading class org/gradle/internal/component/external/model/ModuleComponentArtifactMetadata done


Dynamic libraries:
0x00007ff6f2b30000 - 0x00007ff6f2b3d000 	C:\Program Files\Microsoft\jdk-11.0.20.8-hotspot\bin\java.exe
0x00007ff803b10000 - 0x00007ff803d24000 	C:\WINDOWS\SYSTEM32\ntdll.dll
0x00007ff801fe0000 - 0x00007ff8020a4000 	C:\WINDOWS\System32\KERNEL32.DLL
0x00007ff800fe0000 - 0x00007ff801384000 	C:\WINDOWS\System32\KERNELBASE.dll
0x00007ff800ec0000 - 0x00007ff800fd1000 	C:\WINDOWS\System32\ucrtbase.dll
0x00007fffc7f40000 - 0x00007fffc7f57000 	C:\Program Files\Microsoft\jdk-11.0.20.8-hotspot\bin\jli.dll
0x00007ff801d10000 - 0x00007ff801ebe000 	C:\WINDOWS\System32\USER32.dll
0x00007ff801500000 - 0x00007ff801526000 	C:\WINDOWS\System32\win32u.dll
0x00007fffc7a70000 - 0x00007fffc7a85000 	C:\Program Files\Microsoft\jdk-11.0.20.8-hotspot\bin\VCRUNTIME140.dll
0x00007fffe3990000 - 0x00007fffe3c23000 	C:\WINDOWS\WinSxS\amd64_microsoft.windows.common-controls_6595b64144ccf1df_6.0.22621.2215_none_270d72677387dfc3\COMCTL32.dll
0x00007ff803a20000 - 0x00007ff803ac7000 	C:\WINDOWS\System32\msvcrt.dll
0x00007ff801ce0000 - 0x00007ff801d09000 	C:\WINDOWS\System32\GDI32.dll
0x00007ff801710000 - 0x00007ff801828000 	C:\WINDOWS\System32\gdi32full.dll
0x00007ff8015f0000 - 0x00007ff80168a000 	C:\WINDOWS\System32\msvcp_win.dll
0x00007ff802c50000 - 0x00007ff802c81000 	C:\WINDOWS\System32\IMM32.DLL
0x00007fffc0100000 - 0x00007fffc019b000 	C:\Program Files\Microsoft\jdk-11.0.20.8-hotspot\bin\msvcp140.dll
0x00007fffb49d0000 - 0x00007fffb5566000 	C:\Program Files\Microsoft\jdk-11.0.20.8-hotspot\bin\server\jvm.dll
0x00007ff8018a0000 - 0x00007ff801950000 	C:\WINDOWS\System32\ADVAPI32.dll
0x00007ff8037d0000 - 0x00007ff803876000 	C:\WINDOWS\System32\sechost.dll
0x00007ff801ec0000 - 0x00007ff801fd7000 	C:\WINDOWS\System32\RPCRT4.dll
0x00007ff802980000 - 0x00007ff802988000 	C:\WINDOWS\System32\PSAPI.DLL
0x00007fffe3e00000 - 0x00007fffe3e09000 	C:\WINDOWS\SYSTEM32\WSOCK32.dll
0x00007ff803880000 - 0x00007ff8038f1000 	C:\WINDOWS\System32\WS2_32.dll
0x00007ffff8e50000 - 0x00007ffff8e84000 	C:\WINDOWS\SYSTEM32\WINMM.dll
0x00007ffff7250000 - 0x00007ffff725a000 	C:\WINDOWS\SYSTEM32\VERSION.dll
0x00007ff800000000 - 0x00007ff800018000 	C:\WINDOWS\SYSTEM32\kernel.appcore.dll
0x00007fffed2c0000 - 0x00007fffed2d0000 	C:\Program Files\Microsoft\jdk-11.0.20.8-hotspot\bin\verify.dll
0x00007ffffe3f0000 - 0x00007ffffe61e000 	C:\WINDOWS\SYSTEM32\DBGHELP.DLL
0x00007ff801950000 - 0x00007ff801cda000 	C:\WINDOWS\System32\combase.dll
0x00007ff802c90000 - 0x00007ff802d67000 	C:\WINDOWS\System32\OLEAUT32.dll
0x00007fffe9230000 - 0x00007fffe9262000 	C:\WINDOWS\SYSTEM32\dbgcore.DLL
0x00007ff801690000 - 0x00007ff80170a000 	C:\WINDOWS\System32\bcryptPrimitives.dll
0x00007fffc0f20000 - 0x00007fffc0f48000 	C:\Program Files\Microsoft\jdk-11.0.20.8-hotspot\bin\java.dll
0x00007fffed270000 - 0x00007fffed27a000 	C:\Program Files\Microsoft\jdk-11.0.20.8-hotspot\bin\jimage.dll
0x00007fffc5210000 - 0x00007fffc5228000 	C:\Program Files\Microsoft\jdk-11.0.20.8-hotspot\bin\zip.dll
0x00007ff8020c0000 - 0x00007ff8028e3000 	C:\WINDOWS\System32\SHELL32.dll
0x00007ffffee40000 - 0x00007fffff72a000 	C:\WINDOWS\SYSTEM32\windows.storage.dll
0x00007ffffed00000 - 0x00007ffffee3e000 	C:\WINDOWS\SYSTEM32\wintypes.dll
0x00007ff803920000 - 0x00007ff803a13000 	C:\WINDOWS\System32\SHCORE.dll
0x00007ff802b30000 - 0x00007ff802b8e000 	C:\WINDOWS\System32\shlwapi.dll
0x00007ff800df0000 - 0x00007ff800e16000 	C:\WINDOWS\SYSTEM32\profapi.dll
0x00007fffc4480000 - 0x00007fffc4499000 	C:\Program Files\Microsoft\jdk-11.0.20.8-hotspot\bin\net.dll
0x00007ffffaab0000 - 0x00007ffffabe7000 	C:\WINDOWS\SYSTEM32\WINHTTP.dll
0x00007ff800390000 - 0x00007ff8003f9000 	C:\WINDOWS\system32\mswsock.dll
0x00007fffc4270000 - 0x00007fffc4283000 	C:\Program Files\Microsoft\jdk-11.0.20.8-hotspot\bin\nio.dll
0x00007fffed920000 - 0x00007fffed947000 	C:\Users\david\.gradle\native\68d5fa5c4cc2d200863cafc0d521ce42e7d3e7ee720ec0a83991735586a16f82\windows-amd64\native-platform.dll
0x00007fffc2ea0000 - 0x00007fffc2fe4000 	C:\Users\david\.gradle\native\e376f236ea51e6404a007f0833ffe2c6e607c4080706a723a18a27aeea778392\windows-amd64\native-platform-file-events.dll
0x00007fffe5ac0000 - 0x00007fffe5ac9000 	C:\Program Files\Microsoft\jdk-11.0.20.8-hotspot\bin\management.dll
0x00007fffe3cb0000 - 0x00007fffe3cbb000 	C:\Program Files\Microsoft\jdk-11.0.20.8-hotspot\bin\management_ext.dll
0x00007ff8005e0000 - 0x00007ff8005fb000 	C:\WINDOWS\SYSTEM32\CRYPTSP.dll
0x00007fffffe70000 - 0x00007fffffea5000 	C:\WINDOWS\system32\rsaenh.dll
0x00007ff800480000 - 0x00007ff8004ac000 	C:\WINDOWS\SYSTEM32\USERENV.dll
0x00007ff8007a0000 - 0x00007ff8007c8000 	C:\WINDOWS\SYSTEM32\bcrypt.dll
0x00007ff800600000 - 0x00007ff80060c000 	C:\WINDOWS\SYSTEM32\CRYPTBASE.dll
0x00007fffff9d0000 - 0x00007fffff9fd000 	C:\WINDOWS\SYSTEM32\IPHLPAPI.DLL
0x00007ff8033d0000 - 0x00007ff8033d9000 	C:\WINDOWS\System32\NSI.dll
0x00007ffffa8b0000 - 0x00007ffffa8c9000 	C:\WINDOWS\SYSTEM32\dhcpcsvc6.DLL
0x00007ffffa850000 - 0x00007ffffa86f000 	C:\WINDOWS\SYSTEM32\dhcpcsvc.DLL
0x00007fffffa00000 - 0x00007fffffaf2000 	C:\WINDOWS\SYSTEM32\DNSAPI.dll

dbghelp: loaded successfully - version: 4.0.5 - missing functions: none
symbol engine: initialized successfully - sym options: 0x614 - pdb path: .;C:\Program Files\Microsoft\jdk-11.0.20.8-hotspot\bin;C:\WINDOWS\SYSTEM32;C:\WINDOWS\WinSxS\amd64_microsoft.windows.common-controls_6595b64144ccf1df_6.0.22621.2215_none_270d72677387dfc3;C:\Program Files\Microsoft\jdk-11.0.20.8-hotspot\bin\server;C:\Users\david\.gradle\native\68d5fa5c4cc2d200863cafc0d521ce42e7d3e7ee720ec0a83991735586a16f82\windows-amd64;C:\Users\david\.gradle\native\e376f236ea51e6404a007f0833ffe2c6e607c4080706a723a18a27aeea778392\windows-amd64

VM Arguments:
jvm_args: -XX:MaxMetaspaceSize=512m --add-opens=java.base/java.util=ALL-UNNAMED --add-opens=java.base/java.lang=ALL-UNNAMED --add-opens=java.base/java.lang.invoke=ALL-UNNAMED --add-opens=java.prefs/java.util.prefs=ALL-UNNAMED --add-opens=java.base/java.nio.charset=ALL-UNNAMED --add-opens=java.base/java.net=ALL-UNNAMED --add-opens=java.base/java.util.concurrent.atomic=ALL-UNNAMED -Xmx2048m -Dfile.encoding=windows-1252 -Duser.country=IN -Duser.language=en -Duser.variant 
java_command: org.gradle.launcher.daemon.bootstrap.GradleDaemon 8.0.1
java_class_path (initial): C:\Users\david\.gradle\wrapper\dists\gradle-8.0.1-all\aro4hu1c3oeioove7l0i4i14o\gradle-8.0.1\lib\gradle-launcher-8.0.1.jar
Launcher Type: SUN_STANDARD

[Global flags]
     intx CICompilerCount                          = 4                                         {product} {ergonomic}
   size_t CompressedClassSpaceSize                 = 528482304                                 {product} {ergonomic}
     uint ConcGCThreads                            = 2                                         {product} {ergonomic}
     uint G1ConcRefinementThreads                  = 8                                         {product} {ergonomic}
   size_t G1HeapRegionSize                         = 1048576                                   {product} {ergonomic}
    uintx GCDrainStackTargetSize                   = 64                                        {product} {ergonomic}
   size_t InitialHeapSize                          = 199229440                                 {product} {ergonomic}
   size_t MarkStackSize                            = 4194304                                   {product} {ergonomic}
   size_t MaxHeapSize                              = 2147483648                                {product} {command line}
   size_t MaxMetaspaceSize                         = 536870912                                 {product} {command line}
   size_t MaxNewSize                               = 1287651328                                {product} {ergonomic}
   size_t MinHeapDeltaBytes                        = 1048576                                   {product} {ergonomic}
    uintx NonNMethodCodeHeapSize                   = 5836300                                {pd product} {ergonomic}
    uintx NonProfiledCodeHeapSize                  = 122910970                              {pd product} {ergonomic}
    uintx ProfiledCodeHeapSize                     = 122910970                              {pd product} {ergonomic}
    uintx ReservedCodeCacheSize                    = 251658240                              {pd product} {ergonomic}
     bool SegmentedCodeCache                       = true                                      {product} {ergonomic}
     bool UseCompressedClassPointers               = true                                 {lp64_product} {ergonomic}
     bool UseCompressedOops                        = true                                 {lp64_product} {ergonomic}
     bool UseG1GC                                  = true                                      {product} {ergonomic}
     bool UseLargePagesIndividualAllocation        = false                                  {pd product} {ergonomic}

Logging:
Log output configuration:
 #0: stdout all=warning uptime,level,tags
 #1: stderr all=off uptime,level,tags

Environment Variables:
JAVA_HOME=C:\Program Files\Microsoft\jdk-11.0.20.8-hotspot\
CLASSPATH=D:\Freelancer\MahakalCoalApp\android\\gradle\wrapper\gradle-wrapper.jar
PATH=D:\Freelancer\MahakalCoalApp\node_modules\.bin;D:\Freelancer\MahakalCoalApp\node_modules\.bin;D:\Freelancer\node_modules\.bin;D:\node_modules\.bin;C:\Program Files\nodejs\node_modules\npm\node_modules\@npmcli\run-script\lib\node-gyp-bin;D:\Freelancer\MahakalCoalApp\node_modules\.bin;D:\Freelancer\node_modules\.bin;D:\node_modules\.bin;C:\Program Files\nodejs\node_modules\npm\node_modules\@npmcli\run-script\lib\node-gyp-bin;C:\Python312\Scripts\;C:\Python312\;C:\Program Files\Common Files\Oracle\Java\javapath;C:\Program Files\Microsoft\jdk-11.0.20.8-hotspot\bin;C:\Python311\Scripts\;C:\Python311\;C:\WINDOWS\system32;C:\WINDOWS;C:\WINDOWS\System32\Wbem;C:\WINDOWS\System32\WindowsPowerShell\v1.0\;C:\WINDOWS\System32\OpenSSH\;C:\ProgramData\chocolatey\bin;C:\Program Files\Git\cmd;C:\Program Files\Java\jdk-20;C:\Program Files\Java\jdk-20\bin;C:\Program Files\nodejs\;C:\Users\david\AppData\Local\Android\Sdk\tools;C:\Users\david\AppData\Local\Android\Sdk\tools;C:\Users\david\AppData\Local\Android\Sdk\tools;C:\Users\david\AppData\Local\Microsoft\WindowsApps;C:\Users\david\AppData\Local\GitHubDesktop\bin;C:\Users\david\AppData\Local\Android\Sdk\platform-tools;C:\Users\david\AppData\Local\Programs\Microsoft VS Code\bin;C:\Users\david\AppData\Roaming\npm\node_modules\yarn\bin;C:\Users\david\AppData\Roaming\npm
USERNAME=david
LANG=en_US.UTF-8
OS=Windows_NT
PROCESSOR_IDENTIFIER=Intel64 Family 6 Model 140 Stepping 1, GenuineIntel
TMP=C:\Users\david\AppData\Local\Temp
TEMP=C:\Users\david\AppData\Local\Temp



---------------  S Y S T E M  ---------------

OS: Windows 11 , 64 bit Build 22621 (10.0.22621.2215)
OS uptime: 7 days 7:49 hours

CPU:total 8 (initial active 8) (4 cores per cpu, 2 threads per core) family 6 model 140 stepping 1 microcode 0x9a, cmov, cx8, fxsr, mmx, sse, sse2, sse3, ssse3, sse4.1, sse4.2, popcnt, avx, avx2, aes, clmul, erms, 3dnowpref, lzcnt, ht, tsc, tscinvbit, bmi1, bmi2, adx, evex, sha, fma

Memory: 4k page, system-wide physical 12087M (16M free)
TotalPageFile size 48951M (AvailPageFile size 5M)
current process WorkingSet (physical memory assigned to process): 48M, peak: 85M
current process commit charge ("private bytes"): 340M, peak: 342M

vm_info: OpenJDK 64-Bit Server VM (11.0.20+8-LTS) for windows-amd64 JRE (11.0.20+8-LTS), built on Jul  7 2023 17:05:21 by "MicrosoftCorporation" with MS VC++ 15.9 (VS2017)

END.
