#
# There is insufficient memory for the Java Runtime Environment to continue.
# Native memory allocation (malloc) failed to allocate 32744 bytes for ChunkPool::allocate
# Possible reasons:
#   The system is out of physical RAM or swap space
#   The process is running with CompressedOops enabled, and the Java Heap may be blocking the growth of the native heap
# Possible solutions:
#   Reduce memory load on the system
#   Increase physical memory or swap space
#   Check if swap backing store is full
#   Decrease Java heap size (-Xmx/-Xms)
#   Decrease number of Java threads
#   Decrease Java thread stack sizes (-Xss)
#   Set larger code cache with -XX:ReservedCodeCacheSize=
#   JVM is running with Unscaled Compressed Oops mode in which the Java heap is
#     placed in the first 4GB address space. The Java Heap base address is the
#     maximum limit for the native heap growth. Please use -XX:HeapBaseMinAddress
#     to set the Java Heap base and to place the Java Heap above 4GB virtual address.
# This output file may be truncated or incomplete.
#
#  Out of Memory Error (arena.cpp:81), pid=21740, tid=34644
#
# JRE version: OpenJDK Runtime Environment Microsoft-8035250 (11.0.20+8) (build 11.0.20+8-LTS)
# Java VM: OpenJDK 64-Bit Server VM Microsoft-8035250 (11.0.20+8-LTS, mixed mode, tiered, compressed oops, g1 gc, windows-amd64)
# No core dump will be written. Minidumps are not enabled by default on client versions of Windows
#

---------------  S U M M A R Y ------------

Command Line: -XX:MaxMetaspaceSize=512m --add-opens=java.base/java.util=ALL-UNNAMED --add-opens=java.base/java.lang=ALL-UNNAMED --add-opens=java.base/java.lang.invoke=ALL-UNNAMED --add-opens=java.prefs/java.util.prefs=ALL-UNNAMED --add-opens=java.base/java.nio.charset=ALL-UNNAMED --add-opens=java.base/java.net=ALL-UNNAMED --add-opens=java.base/java.util.concurrent.atomic=ALL-UNNAMED -Xmx2048m -Dfile.encoding=windows-1252 -Duser.country=IN -Duser.language=en -Duser.variant org.gradle.launcher.daemon.bootstrap.GradleDaemon 8.0.1

Host: 11th Gen Intel(R) Core(TM) i5-1135G7 @ 2.40GHz, 8 cores, 11G,  Windows 11 , 64 bit Build 22621 (10.0.22621.2215)
Time: Thu Oct 26 19:40:21 2023 India Standard Time elapsed time: 222.823134 seconds (0d 0h 3m 42s)

---------------  T H R E A D  ---------------

Current thread (0x000001dc6eea5800):  JavaThread "C1 CompilerThread0" daemon [_thread_in_native, id=34644, stack(0x00000094f2c00000,0x00000094f2d00000)]


Current CompileTask:
C1: 222823 4095       3       java.util.Formatter$FormatSpecifier::<init> (259 bytes)

Stack: [0x00000094f2c00000,0x00000094f2d00000]
Native frames: (J=compiled Java code, j=interpreted, Vv=VM code, C=native code)
V  [jvm.dll+0x62e9da]
V  [jvm.dll+0x7bc4e9]
V  [jvm.dll+0x7bdbd8]
V  [jvm.dll+0x7be2b3]
V  [jvm.dll+0x2505a8]
V  [jvm.dll+0xc289b]
V  [jvm.dll+0xc2bfc]
V  [jvm.dll+0x16e04c]
V  [jvm.dll+0x170c04]
V  [jvm.dll+0x12b1b5]
V  [jvm.dll+0x12aa2f]
V  [jvm.dll+0x12ac5f]
V  [jvm.dll+0x129f04]
V  [jvm.dll+0x12be17]
V  [jvm.dll+0x2181ec]
V  [jvm.dll+0x21642b]
V  [jvm.dll+0x77efc0]
V  [jvm.dll+0x777db4]
V  [jvm.dll+0x62d845]
C  [ucrtbase.dll+0x29363]
C  [KERNEL32.DLL+0x1257d]
C  [ntdll.dll+0x5aa68]


---------------  P R O C E S S  ---------------

Threads class SMR info:
_java_thread_list=0x000001dc713e1f70, length=35, elements={
0x000001dc4f52f000, 0x000001dc6e638800, 0x000001dc6e63b000, 0x000001dc6e646800,
0x000001dc6e647800, 0x000001dc6e64b000, 0x000001dc6e64c000, 0x000001dc6eea5800,
0x000001dc6eea6000, 0x000001dc6efa6800, 0x000001dc7006a000, 0x000001dc70b2e800,
0x000001dc704ed800, 0x000001dc6f428000, 0x000001dc70eb5000, 0x000001dc70814800,
0x000001dc704ec800, 0x000001dc7022d800, 0x000001dc6fed9800, 0x000001dc70af9800,
0x000001dc70af7000, 0x000001dc70afb000, 0x000001dc70afc000, 0x000001dc70af6800,
0x000001dc70af8000, 0x000001dc70af8800, 0x000001dc70afa800, 0x000001dc70afd000,
0x000001dc70a6b800, 0x000001dc70a6c000, 0x000001dc70a69000, 0x000001dc70a68000,
0x000001dc70a67800, 0x000001dc70a6e000, 0x000001dc70a6f800
}

Java Threads: ( => current thread )
  0x000001dc4f52f000 JavaThread "main" [_thread_blocked, id=34364, stack(0x00000094f1f00000,0x00000094f2000000)]
  0x000001dc6e638800 JavaThread "Reference Handler" daemon [_thread_blocked, id=34604, stack(0x00000094f2600000,0x00000094f2700000)]
  0x000001dc6e63b000 JavaThread "Finalizer" daemon [_thread_blocked, id=34608, stack(0x00000094f2700000,0x00000094f2800000)]
  0x000001dc6e646800 JavaThread "Signal Dispatcher" daemon [_thread_blocked, id=34628, stack(0x00000094f2800000,0x00000094f2900000)]
  0x000001dc6e647800 JavaThread "Attach Listener" daemon [_thread_blocked, id=34632, stack(0x00000094f2900000,0x00000094f2a00000)]
  0x000001dc6e64b000 JavaThread "Service Thread" daemon [_thread_blocked, id=34636, stack(0x00000094f2a00000,0x00000094f2b00000)]
  0x000001dc6e64c000 JavaThread "C2 CompilerThread0" daemon [_thread_blocked, id=34640, stack(0x00000094f2b00000,0x00000094f2c00000)]
=>0x000001dc6eea5800 JavaThread "C1 CompilerThread0" daemon [_thread_in_native, id=34644, stack(0x00000094f2c00000,0x00000094f2d00000)]
  0x000001dc6eea6000 JavaThread "Sweeper thread" daemon [_thread_blocked, id=34648, stack(0x00000094f2d00000,0x00000094f2e00000)]
  0x000001dc6efa6800 JavaThread "Common-Cleaner" daemon [_thread_blocked, id=34736, stack(0x00000094f2e00000,0x00000094f2f00000)]
  0x000001dc7006a000 JavaThread "Daemon health stats" [_thread_blocked, id=12564, stack(0x00000094f3300000,0x00000094f3400000)]
  0x000001dc70b2e800 JavaThread "Incoming local TCP Connector on port 50788" [_thread_in_native, id=30256, stack(0x00000094f3400000,0x00000094f3500000)]
  0x000001dc704ed800 JavaThread "Daemon periodic checks" [_thread_blocked, id=37552, stack(0x00000094f1c00000,0x00000094f1d00000)]
  0x000001dc6f428000 JavaThread "Daemon" [_thread_blocked, id=24712, stack(0x00000094f1d00000,0x00000094f1e00000)]
  0x000001dc70eb5000 JavaThread "Handler for socket connection from /127.0.0.1:50788 to /127.0.0.1:50837" [_thread_in_native, id=27948, stack(0x00000094f1e00000,0x00000094f1f00000)]
  0x000001dc70814800 JavaThread "Cancel handler" [_thread_blocked, id=34260, stack(0x00000094f3700000,0x00000094f3800000)]
  0x000001dc704ec800 JavaThread "Daemon worker" [_thread_in_native, id=29916, stack(0x00000094f3800000,0x00000094f3900000)]
  0x000001dc7022d800 JavaThread "Asynchronous log dispatcher for DefaultDaemonConnection: socket connection from /127.0.0.1:50788 to /127.0.0.1:50837" [_thread_blocked, id=31700, stack(0x00000094f3900000,0x00000094f3a00000)]
  0x000001dc6fed9800 JavaThread "Daemon client event forwarder" [_thread_blocked, id=28140, stack(0x00000094f3b00000,0x00000094f3c00000)]
  0x000001dc70af9800 JavaThread "Cache worker for journal cache (C:\Users\david\.gradle\caches\journal-1)" [_thread_blocked, id=21836, stack(0x00000094f4200000,0x00000094f4300000)]
  0x000001dc70af7000 JavaThread "File lock request listener" [_thread_in_native, id=9768, stack(0x00000094f4300000,0x00000094f4400000)]
  0x000001dc70afb000 JavaThread "Cache worker for file hash cache (C:\Users\david\.gradle\caches\8.0.1\fileHashes)" [_thread_blocked, id=37128, stack(0x00000094f4400000,0x00000094f4500000)]
  0x000001dc70afc000 JavaThread "File lock release action executor" [_thread_blocked, id=3900, stack(0x00000094f4500000,0x00000094f4600000)]
  0x000001dc70af6800 JavaThread "File watcher server" daemon [_thread_in_native, id=11028, stack(0x00000094f4600000,0x00000094f4700000)]
  0x000001dc70af8000 JavaThread "File watcher consumer" daemon [_thread_blocked, id=13244, stack(0x00000094f4700000,0x00000094f4800000)]
  0x000001dc70af8800 JavaThread "Cache worker for checksums cache (D:\Freelancer\MahakalCoalApp\android\.gradle\8.0.1\checksums)" [_thread_blocked, id=20744, stack(0x00000094f4800000,0x00000094f4900000)]
  0x000001dc70afa800 JavaThread "Cache worker for cache directory md-rule (C:\Users\david\.gradle\caches\8.0.1\md-rule)" [_thread_blocked, id=29768, stack(0x00000094f4900000,0x00000094f4a00000)]
  0x000001dc70afd000 JavaThread "Cache worker for file content cache (C:\Users\david\.gradle\caches\8.0.1\fileContent)" [_thread_blocked, id=24732, stack(0x00000094f4a00000,0x00000094f4b00000)]
  0x000001dc70a6b800 JavaThread "Cache worker for file hash cache (D:\Freelancer\MahakalCoalApp\android\.gradle\8.0.1\fileHashes)" [_thread_blocked, id=29784, stack(0x00000094f4b00000,0x00000094f4c00000)]
  0x000001dc70a6c000 JavaThread "Cache worker for cache directory md-supplier (C:\Users\david\.gradle\caches\8.0.1\md-supplier)" [_thread_blocked, id=30576, stack(0x00000094f4c00000,0x00000094f4d00000)]
  0x000001dc70a69000 JavaThread "Cache worker for execution history cache (C:\Users\david\.gradle\caches\8.0.1\executionHistory)" [_thread_blocked, id=34368, stack(0x00000094f4d00000,0x00000094f4e00000)]
  0x000001dc70a68000 JavaThread "jar transforms" [_thread_blocked, id=36744, stack(0x00000094f4e00000,0x00000094f4f00000)]
  0x000001dc70a67800 JavaThread "jar transforms Thread 2" [_thread_blocked, id=13336, stack(0x00000094f4f00000,0x00000094f5000000)]
  0x000001dc70a6e000 JavaThread "jar transforms Thread 3" [_thread_blocked, id=11036, stack(0x00000094f3500000,0x00000094f3600000)]
  0x000001dc70a6f800 JavaThread "jar transforms Thread 4" [_thread_blocked, id=37740, stack(0x00000094f3600000,0x00000094f3700000)]

Other Threads:
  0x000001dc6e633800 VMThread "VM Thread" [stack: 0x00000094f2500000,0x00000094f2600000] [id=34536]
  0x000001dc6f004800 WatcherThread [stack: 0x00000094f2f00000,0x00000094f3000000] [id=34776]
  0x000001dc4f548800 GCTaskThread "GC Thread#0" [stack: 0x00000094f2000000,0x00000094f2100000] [id=34488]
  0x000001dc700e8000 GCTaskThread "GC Thread#1" [stack: 0x00000094f3000000,0x00000094f3100000] [id=35976]
  0x000001dc6f396800 GCTaskThread "GC Thread#2" [stack: 0x00000094f3100000,0x00000094f3200000] [id=35980]
  0x000001dc6f397000 GCTaskThread "GC Thread#3" [stack: 0x00000094f3200000,0x00000094f3300000] [id=35984]
  0x000001dc70a4e000 GCTaskThread "GC Thread#4" [stack: 0x00000094f3c00000,0x00000094f3d00000] [id=33664]
  0x000001dc70e6a000 GCTaskThread "GC Thread#5" [stack: 0x00000094f3d00000,0x00000094f3e00000] [id=31136]
  0x000001dc70e6b000 GCTaskThread "GC Thread#6" [stack: 0x00000094f3e00000,0x00000094f3f00000] [id=24740]
  0x000001dc6f944000 GCTaskThread "GC Thread#7" [stack: 0x00000094f3f00000,0x00000094f4000000] [id=34252]
  0x000001dc4f578000 ConcurrentGCThread "G1 Main Marker" [stack: 0x00000094f2100000,0x00000094f2200000] [id=34492]
  0x000001dc4f579800 ConcurrentGCThread "G1 Conc#0" [stack: 0x00000094f2200000,0x00000094f2300000] [id=34496]
  0x000001dc6fba1800 ConcurrentGCThread "G1 Conc#1" [stack: 0x00000094f4100000,0x00000094f4200000] [id=36980]
  0x000001dc4f5fe800 ConcurrentGCThread "G1 Refine#0" [stack: 0x00000094f2300000,0x00000094f2400000] [id=34500]
  0x000001dc70a94800 ConcurrentGCThread "G1 Refine#1" [stack: 0x00000094f4000000,0x00000094f4100000] [id=36176]
  0x000001dc6e4a3000 ConcurrentGCThread "G1 Young RemSet Sampling" [stack: 0x00000094f2400000,0x00000094f2500000] [id=34504]

Threads with active compile tasks:
C1 CompilerThread0   222902 4095       3       java.util.Formatter$FormatSpecifier::<init> (259 bytes)

VM state:not at safepoint (normal execution)

VM Mutex/Monitor currently owned by a thread: None

Heap address: 0x0000000080000000, size: 2048 MB, Compressed Oops mode: 32-bit
Narrow klass base: 0x0000000000000000, Narrow klass shift: 3
Compressed class space size: 528482304 Address: 0x0000000100000000

Heap:
 garbage-first heap   total 194560K, used 39268K [0x0000000080000000, 0x0000000100000000)
  region size 1024K, 19 young (19456K), 8 survivors (8192K)
 Metaspace       used 41484K, capacity 42585K, committed 42752K, reserved 555008K
  class space    used 5173K, capacity 5588K, committed 5632K, reserved 516096K
Heap Regions: E=young(eden), S=young(survivor), O=old, HS=humongous(starts), HC=humongous(continues), CS=collection set, F=free, A=archive, TAMS=top-at-mark-start (previous, next)
|   0|0x0000000080000000, 0x0000000080100000, 0x0000000080100000|100%|HS|  |TAMS 0x0000000080100000, 0x0000000080000000| Complete 
|   1|0x0000000080100000, 0x0000000080200000, 0x0000000080200000|100%|HC|  |TAMS 0x0000000080200000, 0x0000000080100000| Complete 
|   2|0x0000000080200000, 0x0000000080300000, 0x0000000080300000|100%|HC|  |TAMS 0x0000000080300000, 0x0000000080200000| Complete 
|   3|0x0000000080300000, 0x0000000080400000, 0x0000000080400000|100%|HC|  |TAMS 0x0000000080400000, 0x0000000080300000| Complete 
|   4|0x0000000080400000, 0x0000000080500000, 0x0000000080500000|100%| O|  |TAMS 0x0000000080500000, 0x0000000080400000| Untracked 
|   5|0x0000000080500000, 0x0000000080600000, 0x0000000080600000|100%| O|  |TAMS 0x0000000080600000, 0x0000000080500000| Untracked 
|   6|0x0000000080600000, 0x0000000080700000, 0x0000000080700000|100%| O|  |TAMS 0x0000000080700000, 0x0000000080600000| Untracked 
|   7|0x0000000080700000, 0x0000000080800000, 0x0000000080800000|100%| O|  |TAMS 0x0000000080800000, 0x0000000080700000| Untracked 
|   8|0x0000000080800000, 0x0000000080900000, 0x0000000080900000|100%| O|  |TAMS 0x0000000080900000, 0x0000000080800000| Untracked 
|   9|0x0000000080900000, 0x0000000080a00000, 0x0000000080a00000|100%| O|  |TAMS 0x0000000080a00000, 0x0000000080900000| Untracked 
|  10|0x0000000080a00000, 0x0000000080b00000, 0x0000000080b00000|100%| O|  |TAMS 0x0000000080b00000, 0x0000000080a00000| Untracked 
|  11|0x0000000080b00000, 0x0000000080c00000, 0x0000000080c00000|100%| O|  |TAMS 0x0000000080c00000, 0x0000000080b00000| Untracked 
|  12|0x0000000080c00000, 0x0000000080d00000, 0x0000000080d00000|100%| O|  |TAMS 0x0000000080d00000, 0x0000000080c00000| Untracked 
|  13|0x0000000080d00000, 0x0000000080e00000, 0x0000000080e00000|100%| O|  |TAMS 0x0000000080e00000, 0x0000000080d00000| Untracked 
|  14|0x0000000080e00000, 0x0000000080f00000, 0x0000000080f00000|100%| O|  |TAMS 0x0000000080f00000, 0x0000000080e00000| Untracked 
|  15|0x0000000080f00000, 0x0000000081000000, 0x0000000081000000|100%| O|  |TAMS 0x0000000081000000, 0x0000000080f00000| Untracked 
|  16|0x0000000081000000, 0x0000000081100000, 0x0000000081100000|100%| O|  |TAMS 0x0000000081100000, 0x0000000081000000| Untracked 
|  17|0x0000000081100000, 0x0000000081200000, 0x0000000081200000|100%| O|  |TAMS 0x0000000081200000, 0x0000000081100000| Untracked 
|  18|0x0000000081200000, 0x0000000081300000, 0x0000000081300000|100%| O|  |TAMS 0x000000008121d800, 0x0000000081200000| Untracked 
|  19|0x0000000081300000, 0x0000000081300000, 0x0000000081400000|  0%| F|  |TAMS 0x0000000081300000, 0x0000000081300000| Untracked 
|  20|0x0000000081400000, 0x0000000081400000, 0x0000000081500000|  0%| F|  |TAMS 0x0000000081400000, 0x0000000081400000| Untracked 
|  21|0x0000000081500000, 0x0000000081500000, 0x0000000081600000|  0%| F|  |TAMS 0x0000000081500000, 0x0000000081500000| Untracked 
|  22|0x0000000081600000, 0x0000000081700000, 0x0000000081700000|100%| O|  |TAMS 0x0000000081600000, 0x0000000081600000| Untracked 
|  23|0x0000000081700000, 0x00000000817c4200, 0x0000000081800000| 76%| O|  |TAMS 0x0000000081700000, 0x0000000081700000| Untracked 
|  24|0x0000000081800000, 0x0000000081800000, 0x0000000081900000|  0%| F|  |TAMS 0x0000000081800000, 0x0000000081800000| Untracked 
|  25|0x0000000081900000, 0x0000000081900000, 0x0000000081a00000|  0%| F|  |TAMS 0x0000000081900000, 0x0000000081900000| Untracked 
|  26|0x0000000081a00000, 0x0000000081a00000, 0x0000000081b00000|  0%| F|  |TAMS 0x0000000081a00000, 0x0000000081a00000| Untracked 
|  27|0x0000000081b00000, 0x0000000081b00000, 0x0000000081c00000|  0%| F|  |TAMS 0x0000000081b00000, 0x0000000081b00000| Untracked 
|  28|0x0000000081c00000, 0x0000000081c00000, 0x0000000081d00000|  0%| F|  |TAMS 0x0000000081c00000, 0x0000000081c00000| Untracked 
|  29|0x0000000081d00000, 0x0000000081d00000, 0x0000000081e00000|  0%| F|  |TAMS 0x0000000081d00000, 0x0000000081d00000| Untracked 
|  30|0x0000000081e00000, 0x0000000081e00000, 0x0000000081f00000|  0%| F|  |TAMS 0x0000000081e00000, 0x0000000081e00000| Untracked 
|  31|0x0000000081f00000, 0x0000000081f00000, 0x0000000082000000|  0%| F|  |TAMS 0x0000000081f00000, 0x0000000081f00000| Untracked 
|  32|0x0000000082000000, 0x0000000082000000, 0x0000000082100000|  0%| F|  |TAMS 0x0000000082000000, 0x0000000082000000| Untracked 
|  33|0x0000000082100000, 0x0000000082100000, 0x0000000082200000|  0%| F|  |TAMS 0x0000000082100000, 0x0000000082100000| Untracked 
|  34|0x0000000082200000, 0x0000000082200000, 0x0000000082300000|  0%| F|  |TAMS 0x0000000082200000, 0x0000000082200000| Untracked 
|  35|0x0000000082300000, 0x0000000082300000, 0x0000000082400000|  0%| F|  |TAMS 0x0000000082300000, 0x0000000082300000| Untracked 
|  36|0x0000000082400000, 0x0000000082400000, 0x0000000082500000|  0%| F|  |TAMS 0x0000000082400000, 0x0000000082400000| Untracked 
|  37|0x0000000082500000, 0x0000000082500000, 0x0000000082600000|  0%| F|  |TAMS 0x0000000082500000, 0x0000000082500000| Untracked 
|  38|0x0000000082600000, 0x0000000082600000, 0x0000000082700000|  0%| F|  |TAMS 0x0000000082600000, 0x0000000082600000| Untracked 
|  39|0x0000000082700000, 0x0000000082700000, 0x0000000082800000|  0%| F|  |TAMS 0x0000000082700000, 0x0000000082700000| Untracked 
|  40|0x0000000082800000, 0x0000000082800000, 0x0000000082900000|  0%| F|  |TAMS 0x0000000082800000, 0x0000000082800000| Untracked 
|  41|0x0000000082900000, 0x0000000082900000, 0x0000000082a00000|  0%| F|  |TAMS 0x0000000082900000, 0x0000000082900000| Untracked 
|  42|0x0000000082a00000, 0x0000000082a00000, 0x0000000082b00000|  0%| F|  |TAMS 0x0000000082a00000, 0x0000000082a00000| Untracked 
|  43|0x0000000082b00000, 0x0000000082b00000, 0x0000000082c00000|  0%| F|  |TAMS 0x0000000082b00000, 0x0000000082b00000| Untracked 
|  44|0x0000000082c00000, 0x0000000082c00000, 0x0000000082d00000|  0%| F|  |TAMS 0x0000000082c00000, 0x0000000082c00000| Untracked 
|  45|0x0000000082d00000, 0x0000000082d00000, 0x0000000082e00000|  0%| F|  |TAMS 0x0000000082d00000, 0x0000000082d00000| Untracked 
|  46|0x0000000082e00000, 0x0000000082e00000, 0x0000000082f00000|  0%| F|  |TAMS 0x0000000082e00000, 0x0000000082e00000| Untracked 
|  47|0x0000000082f00000, 0x0000000082f00000, 0x0000000083000000|  0%| F|  |TAMS 0x0000000082f00000, 0x0000000082f00000| Untracked 
|  48|0x0000000083000000, 0x0000000083000000, 0x0000000083100000|  0%| F|  |TAMS 0x0000000083000000, 0x0000000083000000| Untracked 
|  49|0x0000000083100000, 0x0000000083100000, 0x0000000083200000|  0%| F|  |TAMS 0x0000000083100000, 0x0000000083100000| Untracked 
|  50|0x0000000083200000, 0x0000000083200000, 0x0000000083300000|  0%| F|  |TAMS 0x0000000083200000, 0x0000000083200000| Untracked 
|  51|0x0000000083300000, 0x0000000083300000, 0x0000000083400000|  0%| F|  |TAMS 0x0000000083300000, 0x0000000083300000| Untracked 
|  52|0x0000000083400000, 0x0000000083400000, 0x0000000083500000|  0%| F|  |TAMS 0x0000000083400000, 0x0000000083400000| Untracked 
|  53|0x0000000083500000, 0x0000000083500000, 0x0000000083600000|  0%| F|  |TAMS 0x0000000083500000, 0x0000000083500000| Untracked 
|  54|0x0000000083600000, 0x0000000083600000, 0x0000000083700000|  0%| F|  |TAMS 0x0000000083600000, 0x0000000083600000| Untracked 
|  55|0x0000000083700000, 0x0000000083700000, 0x0000000083800000|  0%| F|  |TAMS 0x0000000083700000, 0x0000000083700000| Untracked 
|  56|0x0000000083800000, 0x0000000083800000, 0x0000000083900000|  0%| F|  |TAMS 0x0000000083800000, 0x0000000083800000| Untracked 
|  57|0x0000000083900000, 0x0000000083900000, 0x0000000083a00000|  0%| F|  |TAMS 0x0000000083900000, 0x0000000083900000| Untracked 
|  58|0x0000000083a00000, 0x0000000083a00000, 0x0000000083b00000|  0%| F|  |TAMS 0x0000000083a00000, 0x0000000083a00000| Untracked 
|  59|0x0000000083b00000, 0x0000000083b00000, 0x0000000083c00000|  0%| F|  |TAMS 0x0000000083b00000, 0x0000000083b00000| Untracked 
|  60|0x0000000083c00000, 0x0000000083c00000, 0x0000000083d00000|  0%| F|  |TAMS 0x0000000083c00000, 0x0000000083c00000| Untracked 
|  61|0x0000000083d00000, 0x0000000083d00000, 0x0000000083e00000|  0%| F|  |TAMS 0x0000000083d00000, 0x0000000083d00000| Untracked 
|  62|0x0000000083e00000, 0x0000000083e00000, 0x0000000083f00000|  0%| F|  |TAMS 0x0000000083e00000, 0x0000000083e00000| Untracked 
|  63|0x0000000083f00000, 0x0000000083f00000, 0x0000000084000000|  0%| F|  |TAMS 0x0000000083f00000, 0x0000000083f00000| Untracked 
|  64|0x0000000084000000, 0x0000000084000000, 0x0000000084100000|  0%| F|  |TAMS 0x0000000084000000, 0x0000000084000000| Untracked 
|  65|0x0000000084100000, 0x0000000084100000, 0x0000000084200000|  0%| F|  |TAMS 0x0000000084100000, 0x0000000084100000| Untracked 
|  66|0x0000000084200000, 0x0000000084200000, 0x0000000084300000|  0%| F|  |TAMS 0x0000000084200000, 0x0000000084200000| Untracked 
|  67|0x0000000084300000, 0x0000000084300000, 0x0000000084400000|  0%| F|  |TAMS 0x0000000084300000, 0x0000000084300000| Untracked 
|  68|0x0000000084400000, 0x0000000084400000, 0x0000000084500000|  0%| F|  |TAMS 0x0000000084400000, 0x0000000084400000| Untracked 
|  69|0x0000000084500000, 0x0000000084500000, 0x0000000084600000|  0%| F|  |TAMS 0x0000000084500000, 0x0000000084500000| Untracked 
|  70|0x0000000084600000, 0x0000000084600000, 0x0000000084700000|  0%| F|  |TAMS 0x0000000084600000, 0x0000000084600000| Untracked 
|  71|0x0000000084700000, 0x0000000084700000, 0x0000000084800000|  0%| F|  |TAMS 0x0000000084700000, 0x0000000084700000| Untracked 
|  72|0x0000000084800000, 0x0000000084800000, 0x0000000084900000|  0%| F|  |TAMS 0x0000000084800000, 0x0000000084800000| Untracked 
|  73|0x0000000084900000, 0x0000000084900000, 0x0000000084a00000|  0%| F|  |TAMS 0x0000000084900000, 0x0000000084900000| Untracked 
|  74|0x0000000084a00000, 0x0000000084a00000, 0x0000000084b00000|  0%| F|  |TAMS 0x0000000084a00000, 0x0000000084a00000| Untracked 
|  75|0x0000000084b00000, 0x0000000084b00000, 0x0000000084c00000|  0%| F|  |TAMS 0x0000000084b00000, 0x0000000084b00000| Untracked 
|  76|0x0000000084c00000, 0x0000000084c00000, 0x0000000084d00000|  0%| F|  |TAMS 0x0000000084c00000, 0x0000000084c00000| Untracked 
|  77|0x0000000084d00000, 0x0000000084d00000, 0x0000000084e00000|  0%| F|  |TAMS 0x0000000084d00000, 0x0000000084d00000| Untracked 
|  78|0x0000000084e00000, 0x0000000084e00000, 0x0000000084f00000|  0%| F|  |TAMS 0x0000000084e00000, 0x0000000084e00000| Untracked 
|  79|0x0000000084f00000, 0x0000000084f00000, 0x0000000085000000|  0%| F|  |TAMS 0x0000000084f00000, 0x0000000084f00000| Untracked 
|  80|0x0000000085000000, 0x0000000085000000, 0x0000000085100000|  0%| F|  |TAMS 0x0000000085000000, 0x0000000085000000| Untracked 
|  81|0x0000000085100000, 0x0000000085100000, 0x0000000085200000|  0%| F|  |TAMS 0x0000000085100000, 0x0000000085100000| Untracked 
|  82|0x0000000085200000, 0x0000000085200000, 0x0000000085300000|  0%| F|  |TAMS 0x0000000085200000, 0x0000000085200000| Untracked 
|  83|0x0000000085300000, 0x0000000085300000, 0x0000000085400000|  0%| F|  |TAMS 0x0000000085300000, 0x0000000085300000| Untracked 
|  84|0x0000000085400000, 0x0000000085400000, 0x0000000085500000|  0%| F|  |TAMS 0x0000000085400000, 0x0000000085400000| Untracked 
|  85|0x0000000085500000, 0x0000000085500000, 0x0000000085600000|  0%| F|  |TAMS 0x0000000085500000, 0x0000000085500000| Untracked 
|  86|0x0000000085600000, 0x0000000085600000, 0x0000000085700000|  0%| F|  |TAMS 0x0000000085600000, 0x0000000085600000| Untracked 
|  87|0x0000000085700000, 0x0000000085700000, 0x0000000085800000|  0%| F|  |TAMS 0x0000000085700000, 0x0000000085700000| Untracked 
|  88|0x0000000085800000, 0x0000000085800000, 0x0000000085900000|  0%| F|  |TAMS 0x0000000085800000, 0x0000000085800000| Untracked 
|  89|0x0000000085900000, 0x0000000085900000, 0x0000000085a00000|  0%| F|  |TAMS 0x0000000085900000, 0x0000000085900000| Untracked 
|  90|0x0000000085a00000, 0x0000000085a00000, 0x0000000085b00000|  0%| F|  |TAMS 0x0000000085a00000, 0x0000000085a00000| Untracked 
|  91|0x0000000085b00000, 0x0000000085b00000, 0x0000000085c00000|  0%| F|  |TAMS 0x0000000085b00000, 0x0000000085b00000| Untracked 
|  92|0x0000000085c00000, 0x0000000085c00000, 0x0000000085d00000|  0%| F|  |TAMS 0x0000000085c00000, 0x0000000085c00000| Untracked 
|  93|0x0000000085d00000, 0x0000000085d00000, 0x0000000085e00000|  0%| F|  |TAMS 0x0000000085d00000, 0x0000000085d00000| Untracked 
|  94|0x0000000085e00000, 0x0000000085e00000, 0x0000000085f00000|  0%| F|  |TAMS 0x0000000085e00000, 0x0000000085e00000| Untracked 
|  95|0x0000000085f00000, 0x0000000085f00000, 0x0000000086000000|  0%| F|  |TAMS 0x0000000085f00000, 0x0000000085f00000| Untracked 
|  96|0x0000000086000000, 0x0000000086000000, 0x0000000086100000|  0%| F|  |TAMS 0x0000000086000000, 0x0000000086000000| Untracked 
|  97|0x0000000086100000, 0x0000000086100000, 0x0000000086200000|  0%| F|  |TAMS 0x0000000086100000, 0x0000000086100000| Untracked 
|  98|0x0000000086200000, 0x0000000086200000, 0x0000000086300000|  0%| F|  |TAMS 0x0000000086200000, 0x0000000086200000| Untracked 
|  99|0x0000000086300000, 0x0000000086300000, 0x0000000086400000|  0%| F|  |TAMS 0x0000000086300000, 0x0000000086300000| Untracked 
| 100|0x0000000086400000, 0x0000000086400000, 0x0000000086500000|  0%| F|  |TAMS 0x0000000086400000, 0x0000000086400000| Untracked 
| 101|0x0000000086500000, 0x0000000086500000, 0x0000000086600000|  0%| F|  |TAMS 0x0000000086500000, 0x0000000086500000| Untracked 
| 102|0x0000000086600000, 0x0000000086600000, 0x0000000086700000|  0%| F|  |TAMS 0x0000000086600000, 0x0000000086600000| Untracked 
| 103|0x0000000086700000, 0x0000000086700000, 0x0000000086800000|  0%| F|  |TAMS 0x0000000086700000, 0x0000000086700000| Untracked 
| 104|0x0000000086800000, 0x0000000086800000, 0x0000000086900000|  0%| F|  |TAMS 0x0000000086800000, 0x0000000086800000| Untracked 
| 105|0x0000000086900000, 0x0000000086900000, 0x0000000086a00000|  0%| F|  |TAMS 0x0000000086900000, 0x0000000086900000| Untracked 
| 106|0x0000000086a00000, 0x0000000086a00000, 0x0000000086b00000|  0%| F|  |TAMS 0x0000000086a00000, 0x0000000086a00000| Untracked 
| 107|0x0000000086b00000, 0x0000000086b00000, 0x0000000086c00000|  0%| F|  |TAMS 0x0000000086b00000, 0x0000000086b00000| Untracked 
| 108|0x0000000086c00000, 0x0000000086c00000, 0x0000000086d00000|  0%| F|  |TAMS 0x0000000086c00000, 0x0000000086c00000| Untracked 
| 109|0x0000000086d00000, 0x0000000086d00000, 0x0000000086e00000|  0%| F|  |TAMS 0x0000000086d00000, 0x0000000086d00000| Untracked 
| 110|0x0000000086e00000, 0x0000000086e00000, 0x0000000086f00000|  0%| F|  |TAMS 0x0000000086e00000, 0x0000000086e00000| Untracked 
| 111|0x0000000086f00000, 0x0000000086f00000, 0x0000000087000000|  0%| F|  |TAMS 0x0000000086f00000, 0x0000000086f00000| Untracked 
| 112|0x0000000087000000, 0x0000000087000000, 0x0000000087100000|  0%| F|  |TAMS 0x0000000087000000, 0x0000000087000000| Untracked 
| 113|0x0000000087100000, 0x0000000087100000, 0x0000000087200000|  0%| F|  |TAMS 0x0000000087100000, 0x0000000087100000| Untracked 
| 114|0x0000000087200000, 0x0000000087200000, 0x0000000087300000|  0%| F|  |TAMS 0x0000000087200000, 0x0000000087200000| Untracked 
| 115|0x0000000087300000, 0x0000000087300000, 0x0000000087400000|  0%| F|  |TAMS 0x0000000087300000, 0x0000000087300000| Untracked 
| 116|0x0000000087400000, 0x0000000087400000, 0x0000000087500000|  0%| F|  |TAMS 0x0000000087400000, 0x0000000087400000| Untracked 
| 117|0x0000000087500000, 0x0000000087500000, 0x0000000087600000|  0%| F|  |TAMS 0x0000000087500000, 0x0000000087500000| Untracked 
| 118|0x0000000087600000, 0x0000000087694ff0, 0x0000000087700000| 58%| S|CS|TAMS 0x0000000087600000, 0x0000000087600000| Complete 
| 119|0x0000000087700000, 0x0000000087800000, 0x0000000087800000|100%| S|CS|TAMS 0x0000000087700000, 0x0000000087700000| Complete 
| 120|0x0000000087800000, 0x0000000087900000, 0x0000000087900000|100%| S|CS|TAMS 0x0000000087800000, 0x0000000087800000| Complete 
| 121|0x0000000087900000, 0x0000000087a00000, 0x0000000087a00000|100%| S|CS|TAMS 0x0000000087900000, 0x0000000087900000| Complete 
| 122|0x0000000087a00000, 0x0000000087b00000, 0x0000000087b00000|100%| S|CS|TAMS 0x0000000087a00000, 0x0000000087a00000| Complete 
| 123|0x0000000087b00000, 0x0000000087c00000, 0x0000000087c00000|100%| S|CS|TAMS 0x0000000087b00000, 0x0000000087b00000| Complete 
| 124|0x0000000087c00000, 0x0000000087d00000, 0x0000000087d00000|100%| S|CS|TAMS 0x0000000087c00000, 0x0000000087c00000| Complete 
| 125|0x0000000087d00000, 0x0000000087e00000, 0x0000000087e00000|100%| S|CS|TAMS 0x0000000087d00000, 0x0000000087d00000| Complete 
| 126|0x0000000087e00000, 0x0000000087e00000, 0x0000000087f00000|  0%| F|  |TAMS 0x0000000087e00000, 0x0000000087e00000| Untracked 
| 127|0x0000000087f00000, 0x0000000087f00000, 0x0000000088000000|  0%| F|  |TAMS 0x0000000087f00000, 0x0000000087f00000| Untracked 
| 128|0x0000000088000000, 0x0000000088000000, 0x0000000088100000|  0%| F|  |TAMS 0x0000000088000000, 0x0000000088000000| Untracked 
| 129|0x0000000088100000, 0x0000000088100000, 0x0000000088200000|  0%| F|  |TAMS 0x0000000088100000, 0x0000000088100000| Untracked 
| 130|0x0000000088200000, 0x0000000088200000, 0x0000000088300000|  0%| F|  |TAMS 0x0000000088200000, 0x0000000088200000| Untracked 
| 131|0x0000000088300000, 0x0000000088300000, 0x0000000088400000|  0%| F|  |TAMS 0x0000000088300000, 0x0000000088300000| Untracked 
| 132|0x0000000088400000, 0x0000000088400000, 0x0000000088500000|  0%| F|  |TAMS 0x0000000088400000, 0x0000000088400000| Untracked 
| 133|0x0000000088500000, 0x0000000088500000, 0x0000000088600000|  0%| F|  |TAMS 0x0000000088500000, 0x0000000088500000| Untracked 
| 134|0x0000000088600000, 0x0000000088600000, 0x0000000088700000|  0%| F|  |TAMS 0x0000000088600000, 0x0000000088600000| Untracked 
| 135|0x0000000088700000, 0x0000000088700000, 0x0000000088800000|  0%| F|  |TAMS 0x0000000088700000, 0x0000000088700000| Untracked 
| 136|0x0000000088800000, 0x0000000088800000, 0x0000000088900000|  0%| F|  |TAMS 0x0000000088800000, 0x0000000088800000| Untracked 
| 137|0x0000000088900000, 0x0000000088900000, 0x0000000088a00000|  0%| F|  |TAMS 0x0000000088900000, 0x0000000088900000| Untracked 
| 138|0x0000000088a00000, 0x0000000088a00000, 0x0000000088b00000|  0%| F|  |TAMS 0x0000000088a00000, 0x0000000088a00000| Untracked 
| 139|0x0000000088b00000, 0x0000000088b00000, 0x0000000088c00000|  0%| F|  |TAMS 0x0000000088b00000, 0x0000000088b00000| Untracked 
| 140|0x0000000088c00000, 0x0000000088c00000, 0x0000000088d00000|  0%| F|  |TAMS 0x0000000088c00000, 0x0000000088c00000| Untracked 
| 141|0x0000000088d00000, 0x0000000088d00000, 0x0000000088e00000|  0%| F|  |TAMS 0x0000000088d00000, 0x0000000088d00000| Untracked 
| 142|0x0000000088e00000, 0x0000000088e00000, 0x0000000088f00000|  0%| F|  |TAMS 0x0000000088e00000, 0x0000000088e00000| Untracked 
| 143|0x0000000088f00000, 0x0000000088f00000, 0x0000000089000000|  0%| F|  |TAMS 0x0000000088f00000, 0x0000000088f00000| Untracked 
| 144|0x0000000089000000, 0x0000000089000000, 0x0000000089100000|  0%| F|  |TAMS 0x0000000089000000, 0x0000000089000000| Untracked 
| 145|0x0000000089100000, 0x0000000089100000, 0x0000000089200000|  0%| F|  |TAMS 0x0000000089100000, 0x0000000089100000| Untracked 
| 146|0x0000000089200000, 0x0000000089200000, 0x0000000089300000|  0%| F|  |TAMS 0x0000000089200000, 0x0000000089200000| Untracked 
| 147|0x0000000089300000, 0x0000000089300000, 0x0000000089400000|  0%| F|  |TAMS 0x0000000089300000, 0x0000000089300000| Untracked 
| 148|0x0000000089400000, 0x0000000089400000, 0x0000000089500000|  0%| F|  |TAMS 0x0000000089400000, 0x0000000089400000| Untracked 
| 149|0x0000000089500000, 0x0000000089500000, 0x0000000089600000|  0%| F|  |TAMS 0x0000000089500000, 0x0000000089500000| Untracked 
| 150|0x0000000089600000, 0x0000000089600000, 0x0000000089700000|  0%| F|  |TAMS 0x0000000089600000, 0x0000000089600000| Untracked 
| 151|0x0000000089700000, 0x0000000089700000, 0x0000000089800000|  0%| F|  |TAMS 0x0000000089700000, 0x0000000089700000| Untracked 
| 152|0x0000000089800000, 0x0000000089800000, 0x0000000089900000|  0%| F|  |TAMS 0x0000000089800000, 0x0000000089800000| Untracked 
| 153|0x0000000089900000, 0x0000000089900000, 0x0000000089a00000|  0%| F|  |TAMS 0x0000000089900000, 0x0000000089900000| Untracked 
| 154|0x0000000089a00000, 0x0000000089a00000, 0x0000000089b00000|  0%| F|  |TAMS 0x0000000089a00000, 0x0000000089a00000| Untracked 
| 155|0x0000000089b00000, 0x0000000089b00000, 0x0000000089c00000|  0%| F|  |TAMS 0x0000000089b00000, 0x0000000089b00000| Untracked 
| 156|0x0000000089c00000, 0x0000000089c00000, 0x0000000089d00000|  0%| F|  |TAMS 0x0000000089c00000, 0x0000000089c00000| Untracked 
| 157|0x0000000089d00000, 0x0000000089d00000, 0x0000000089e00000|  0%| F|  |TAMS 0x0000000089d00000, 0x0000000089d00000| Untracked 
| 158|0x0000000089e00000, 0x0000000089e00000, 0x0000000089f00000|  0%| F|  |TAMS 0x0000000089e00000, 0x0000000089e00000| Untracked 
| 159|0x0000000089f00000, 0x0000000089f00000, 0x000000008a000000|  0%| F|  |TAMS 0x0000000089f00000, 0x0000000089f00000| Untracked 
| 160|0x000000008a000000, 0x000000008a000000, 0x000000008a100000|  0%| F|  |TAMS 0x000000008a000000, 0x000000008a000000| Untracked 
| 161|0x000000008a100000, 0x000000008a100000, 0x000000008a200000|  0%| F|  |TAMS 0x000000008a100000, 0x000000008a100000| Untracked 
| 162|0x000000008a200000, 0x000000008a200000, 0x000000008a300000|  0%| F|  |TAMS 0x000000008a200000, 0x000000008a200000| Untracked 
| 163|0x000000008a300000, 0x000000008a300000, 0x000000008a400000|  0%| F|  |TAMS 0x000000008a300000, 0x000000008a300000| Untracked 
| 164|0x000000008a400000, 0x000000008a400000, 0x000000008a500000|  0%| F|  |TAMS 0x000000008a400000, 0x000000008a400000| Untracked 
| 165|0x000000008a500000, 0x000000008a500000, 0x000000008a600000|  0%| F|  |TAMS 0x000000008a500000, 0x000000008a500000| Untracked 
| 166|0x000000008a600000, 0x000000008a600000, 0x000000008a700000|  0%| F|  |TAMS 0x000000008a600000, 0x000000008a600000| Untracked 
| 167|0x000000008a700000, 0x000000008a700000, 0x000000008a800000|  0%| F|  |TAMS 0x000000008a700000, 0x000000008a700000| Untracked 
| 168|0x000000008a800000, 0x000000008a800000, 0x000000008a900000|  0%| F|  |TAMS 0x000000008a800000, 0x000000008a800000| Untracked 
| 169|0x000000008a900000, 0x000000008a900000, 0x000000008aa00000|  0%| F|  |TAMS 0x000000008a900000, 0x000000008a900000| Untracked 
| 170|0x000000008aa00000, 0x000000008aa00000, 0x000000008ab00000|  0%| F|  |TAMS 0x000000008aa00000, 0x000000008aa00000| Untracked 
| 171|0x000000008ab00000, 0x000000008ab00000, 0x000000008ac00000|  0%| F|  |TAMS 0x000000008ab00000, 0x000000008ab00000| Untracked 
| 172|0x000000008ac00000, 0x000000008ac00000, 0x000000008ad00000|  0%| F|  |TAMS 0x000000008ac00000, 0x000000008ac00000| Untracked 
| 173|0x000000008ad00000, 0x000000008ad00000, 0x000000008ae00000|  0%| F|  |TAMS 0x000000008ad00000, 0x000000008ad00000| Untracked 
| 174|0x000000008ae00000, 0x000000008ae00000, 0x000000008af00000|  0%| F|  |TAMS 0x000000008ae00000, 0x000000008ae00000| Untracked 
| 175|0x000000008af00000, 0x000000008af00000, 0x000000008b000000|  0%| F|  |TAMS 0x000000008af00000, 0x000000008af00000| Untracked 
| 176|0x000000008b000000, 0x000000008b000000, 0x000000008b100000|  0%| F|  |TAMS 0x000000008b000000, 0x000000008b000000| Untracked 
| 177|0x000000008b100000, 0x000000008b100000, 0x000000008b200000|  0%| F|  |TAMS 0x000000008b100000, 0x000000008b100000| Untracked 
| 178|0x000000008b200000, 0x000000008b200000, 0x000000008b300000|  0%| F|  |TAMS 0x000000008b200000, 0x000000008b200000| Untracked 
| 179|0x000000008b300000, 0x000000008b362c70, 0x000000008b400000| 38%| E|  |TAMS 0x000000008b300000, 0x000000008b300000| Complete 
| 180|0x000000008b400000, 0x000000008b500000, 0x000000008b500000|100%| E|CS|TAMS 0x000000008b400000, 0x000000008b400000| Complete 
| 181|0x000000008b500000, 0x000000008b600000, 0x000000008b600000|100%| E|CS|TAMS 0x000000008b500000, 0x000000008b500000| Complete 
| 182|0x000000008b600000, 0x000000008b700000, 0x000000008b700000|100%| E|CS|TAMS 0x000000008b600000, 0x000000008b600000| Complete 
| 183|0x000000008b700000, 0x000000008b800000, 0x000000008b800000|100%| E|CS|TAMS 0x000000008b700000, 0x000000008b700000| Complete 
| 184|0x000000008b800000, 0x000000008b900000, 0x000000008b900000|100%| E|CS|TAMS 0x000000008b800000, 0x000000008b800000| Complete 
| 185|0x000000008b900000, 0x000000008ba00000, 0x000000008ba00000|100%| E|CS|TAMS 0x000000008b900000, 0x000000008b900000| Complete 
| 186|0x000000008ba00000, 0x000000008bb00000, 0x000000008bb00000|100%| E|CS|TAMS 0x000000008ba00000, 0x000000008ba00000| Complete 
| 187|0x000000008bb00000, 0x000000008bc00000, 0x000000008bc00000|100%| E|CS|TAMS 0x000000008bb00000, 0x000000008bb00000| Complete 
| 188|0x000000008bc00000, 0x000000008bd00000, 0x000000008bd00000|100%| E|CS|TAMS 0x000000008bc00000, 0x000000008bc00000| Complete 
| 189|0x000000008bd00000, 0x000000008be00000, 0x000000008be00000|100%| E|CS|TAMS 0x000000008bd00000, 0x000000008bd00000| Complete 

Card table byte_map: [0x000001dc673d0000,0x000001dc677d0000] _byte_map_base: 0x000001dc66fd0000

Marking Bits (Prev, Next): (CMBitMap*) 0x000001dc4f56f418, (CMBitMap*) 0x000001dc4f56f450
 Prev Bits: [0x000001dc67bd0000, 0x000001dc69bd0000)
 Next Bits: [0x000001dc69bd0000, 0x000001dc6bbd0000)

Polling page: 0x000001dc4ed00000

Metaspace:

Usage:
  Non-class:     36.13 MB capacity,    35.46 MB ( 98%) used,   578.79 KB (  2%) free+waste,   107.69 KB ( <1%) overhead. 
      Class:      5.46 MB capacity,     5.05 MB ( 93%) used,   362.05 KB (  6%) free+waste,    52.00 KB ( <1%) overhead. 
       Both:     41.59 MB capacity,    40.51 MB ( 97%) used,   940.84 KB (  2%) free+waste,   159.69 KB ( <1%) overhead. 

Virtual space:
  Non-class space:       38.00 MB reserved,      36.25 MB ( 95%) committed 
      Class space:      504.00 MB reserved,       5.50 MB (  1%) committed 
             Both:      542.00 MB reserved,      41.75 MB (  8%) committed 

Chunk freelists:
   Non-Class:  3.00 KB
       Class:  0 bytes
        Both:  3.00 KB

MaxMetaspaceSize: 512.00 MB
CompressedClassSpaceSize: 504.00 MB
Initial GC threshold: 20.80 MB
Current GC threshold: 58.34 MB
CDS: off

CodeHeap 'non-profiled nmethods': size=120000Kb used=2217Kb max_used=2217Kb free=117782Kb
 bounds [0x000001dc5f770000, 0x000001dc5f9e0000, 0x000001dc66ca0000]
CodeHeap 'profiled nmethods': size=120000Kb used=8607Kb max_used=8607Kb free=111392Kb
 bounds [0x000001dc58240000, 0x000001dc58ab0000, 0x000001dc5f770000]
CodeHeap 'non-nmethods': size=5760Kb used=2285Kb max_used=2327Kb free=3474Kb
 bounds [0x000001dc57ca0000, 0x000001dc57f10000, 0x000001dc58240000]
 total_blobs=4825 nmethods=4055 adapters=682
 compilation: enabled
              stopped_count=0, restarted_count=0
 full_count=0

Compilation events (20 events):
Event: 212.452 Thread 0x000001dc6e64c000 nmethod 4027 0x000001dc5f992210 code [0x000001dc5f9926c0, 0x000001dc5f997580]
Event: 212.541 Thread 0x000001dc6eea5800 4085       3       java.io.RandomAccessFile::<init> (263 bytes)
Event: 212.548 Thread 0x000001dc6eea5800 nmethod 4085 0x000001dc58aa3310 code [0x000001dc58aa3780, 0x000001dc58aa56a8]
Event: 212.548 Thread 0x000001dc6eea5800 4086       3       java.io.RandomAccessFile::open (7 bytes)
Event: 212.548 Thread 0x000001dc6eea5800 nmethod 4086 0x000001dc58aa6210 code [0x000001dc58aa63c0, 0x000001dc58aa64e8]
Event: 212.569 Thread 0x000001dc6eea5800 4088       3       java.util.Formatter$Flags::<init> (10 bytes)
Event: 212.569 Thread 0x000001dc6eea5800 nmethod 4088 0x000001dc58aa6590 code [0x000001dc58aa6740, 0x000001dc58aa6898]
Event: 212.569 Thread 0x000001dc6eea5800 4089       1       org.gradle.launcher.daemon.server.expiry.DaemonExpirationResult::getStatus (5 bytes)
Event: 212.569 Thread 0x000001dc6eea5800 nmethod 4089 0x000001dc5f999e90 code [0x000001dc5f99a040, 0x000001dc5f99a0f8]
Event: 219.014 Thread 0x000001dc6e64c000 4090       4       java.util.stream.ReduceOps$3ReducingSink::accept (15 bytes)
Event: 219.015 Thread 0x000001dc6eea5800 4091       3       java.lang.ThreadLocal::remove (18 bytes)
Event: 219.029 Thread 0x000001dc6eea5800 nmethod 4091 0x000001dc58aa6990 code [0x000001dc58aa6b60, 0x000001dc58aa6db8]
Event: 219.029 Thread 0x000001dc6eea5800 4092       3       java.lang.ThreadLocal$ThreadLocalMap::remove (68 bytes)
Event: 219.030 Thread 0x000001dc6e64c000 nmethod 4090 0x000001dc5f99a190 code [0x000001dc5f99a320, 0x000001dc5f99a3b8]
Event: 219.044 Thread 0x000001dc6eea5800 nmethod 4092 0x000001dc58aa6e90 code [0x000001dc58aa7080, 0x000001dc58aa7588]
Event: 220.036 Thread 0x000001dc6e64c000 4093       4       java.util.stream.Sink$ChainedReference::cancellationRequested (10 bytes)
Event: 220.067 Thread 0x000001dc6e64c000 nmethod 4093 0x000001dc5f99a490 code [0x000001dc5f99a620, 0x000001dc5f99a6b8]
Event: 222.603 Thread 0x000001dc6eea5800 4094  s    3       java.net.DatagramPacket::setData (53 bytes)
Event: 222.604 Thread 0x000001dc6eea5800 nmethod 4094 0x000001dc58aa7790 code [0x000001dc58aa7960, 0x000001dc58aa7de8]
Event: 222.815 Thread 0x000001dc6eea5800 4095       3       java.util.Formatter$FormatSpecifier::<init> (259 bytes)

GC Heap History (18 events):
Event: 15.036 GC heap before
{Heap before GC invocations=0 (full 0):
 garbage-first heap   total 194560K, used 27648K [0x0000000080000000, 0x0000000100000000)
  region size 1024K, 24 young (24576K), 0 survivors (0K)
 Metaspace       used 10126K, capacity 10342K, committed 10624K, reserved 526336K
  class space    used 1024K, capacity 1107K, committed 1152K, reserved 516096K
}
Event: 15.451 GC heap after
{Heap after GC invocations=1 (full 0):
 garbage-first heap   total 194560K, used 10556K [0x0000000080000000, 0x0000000100000000)
  region size 1024K, 3 young (3072K), 3 survivors (3072K)
 Metaspace       used 10126K, capacity 10342K, committed 10624K, reserved 526336K
  class space    used 1024K, capacity 1107K, committed 1152K, reserved 516096K
}
Event: 155.958 GC heap before
{Heap before GC invocations=1 (full 0):
 garbage-first heap   total 194560K, used 96572K [0x0000000080000000, 0x0000000100000000)
  region size 1024K, 87 young (89088K), 3 survivors (3072K)
 Metaspace       used 20625K, capacity 21024K, committed 21248K, reserved 536576K
  class space    used 2395K, capacity 2544K, committed 2560K, reserved 516096K
}
Event: 157.158 GC heap after
{Heap after GC invocations=2 (full 0):
 garbage-first heap   total 194560K, used 18067K [0x0000000080000000, 0x0000000100000000)
  region size 1024K, 11 young (11264K), 11 survivors (11264K)
 Metaspace       used 20625K, capacity 21024K, committed 21248K, reserved 536576K
  class space    used 2395K, capacity 2544K, committed 2560K, reserved 516096K
}
Event: 157.719 GC heap before
{Heap before GC invocations=3 (full 0):
 garbage-first heap   total 194560K, used 19091K [0x0000000080000000, 0x0000000100000000)
  region size 1024K, 12 young (12288K), 11 survivors (11264K)
 Metaspace       used 20667K, capacity 21058K, committed 21376K, reserved 536576K
  class space    used 2407K, capacity 2577K, committed 2688K, reserved 516096K
}
Event: 158.196 GC heap after
{Heap after GC invocations=4 (full 0):
 garbage-first heap   total 194560K, used 19167K [0x0000000080000000, 0x0000000100000000)
  region size 1024K, 1 young (1024K), 1 survivors (1024K)
 Metaspace       used 20667K, capacity 21058K, committed 21376K, reserved 536576K
  class space    used 2407K, capacity 2577K, committed 2688K, reserved 516096K
}
Event: 163.624 GC heap before
{Heap before GC invocations=4 (full 0):
 garbage-first heap   total 194560K, used 30431K [0x0000000080000000, 0x0000000100000000)
  region size 1024K, 12 young (12288K), 1 survivors (1024K)
 Metaspace       used 21717K, capacity 22188K, committed 22528K, reserved 536576K
  class space    used 2573K, capacity 2721K, committed 2816K, reserved 516096K
}
Event: 163.630 GC heap after
{Heap after GC invocations=5 (full 0):
 garbage-first heap   total 194560K, used 19098K [0x0000000080000000, 0x0000000100000000)
  region size 1024K, 1 young (1024K), 1 survivors (1024K)
 Metaspace       used 21717K, capacity 22188K, committed 22528K, reserved 536576K
  class space    used 2573K, capacity 2721K, committed 2816K, reserved 516096K
}
Event: 172.548 GC heap before
{Heap before GC invocations=5 (full 0):
 garbage-first heap   total 194560K, used 43674K [0x0000000080000000, 0x0000000100000000)
  region size 1024K, 26 young (26624K), 1 survivors (1024K)
 Metaspace       used 24238K, capacity 24846K, committed 25088K, reserved 538624K
  class space    used 2974K, capacity 3205K, committed 3328K, reserved 516096K
}
Event: 172.560 GC heap after
{Heap after GC invocations=6 (full 0):
 garbage-first heap   total 194560K, used 19924K [0x0000000080000000, 0x0000000100000000)
  region size 1024K, 2 young (2048K), 2 survivors (2048K)
 Metaspace       used 24238K, capacity 24846K, committed 25088K, reserved 538624K
  class space    used 2974K, capacity 3205K, committed 3328K, reserved 516096K
}
Event: 178.660 GC heap before
{Heap before GC invocations=6 (full 0):
 garbage-first heap   total 194560K, used 53716K [0x0000000080000000, 0x0000000100000000)
  region size 1024K, 35 young (35840K), 2 survivors (2048K)
 Metaspace       used 27432K, capacity 28115K, committed 28416K, reserved 540672K
  class space    used 3496K, capacity 3768K, committed 3840K, reserved 516096K
}
Event: 178.669 GC heap after
{Heap after GC invocations=7 (full 0):
 garbage-first heap   total 194560K, used 21487K [0x0000000080000000, 0x0000000100000000)
  region size 1024K, 3 young (3072K), 3 survivors (3072K)
 Metaspace       used 27432K, capacity 28115K, committed 28416K, reserved 540672K
  class space    used 3496K, capacity 3768K, committed 3840K, reserved 516096K
}
Event: 192.318 GC heap before
{Heap before GC invocations=7 (full 0):
 garbage-first heap   total 194560K, used 67567K [0x0000000080000000, 0x0000000100000000)
  region size 1024K, 48 young (49152K), 3 survivors (3072K)
 Metaspace       used 31343K, capacity 32076K, committed 32384K, reserved 544768K
  class space    used 4080K, capacity 4364K, committed 4480K, reserved 516096K
}
Event: 192.330 GC heap after
{Heap after GC invocations=8 (full 0):
 garbage-first heap   total 194560K, used 22756K [0x0000000080000000, 0x0000000100000000)
  region size 1024K, 5 young (5120K), 5 survivors (5120K)
 Metaspace       used 31343K, capacity 32076K, committed 32384K, reserved 544768K
  class space    used 4080K, capacity 4364K, committed 4480K, reserved 516096K
}
Event: 193.639 GC heap before
{Heap before GC invocations=8 (full 0):
 garbage-first heap   total 194560K, used 41188K [0x0000000080000000, 0x0000000100000000)
  region size 1024K, 24 young (24576K), 5 survivors (5120K)
 Metaspace       used 34704K, capacity 35452K, committed 35584K, reserved 546816K
  class space    used 4432K, capacity 4745K, committed 4864K, reserved 516096K
}
Event: 193.656 GC heap after
{Heap after GC invocations=9 (full 0):
 garbage-first heap   total 194560K, used 24452K [0x0000000080000000, 0x0000000100000000)
  region size 1024K, 6 young (6144K), 6 survivors (6144K)
 Metaspace       used 34704K, capacity 35452K, committed 35584K, reserved 546816K
  class space    used 4432K, capacity 4745K, committed 4864K, reserved 516096K
}
Event: 207.051 GC heap before
{Heap before GC invocations=10 (full 0):
 garbage-first heap   total 194560K, used 85892K [0x0000000080000000, 0x0000000100000000)
  region size 1024K, 64 young (65536K), 6 survivors (6144K)
 Metaspace       used 41123K, capacity 42165K, committed 42496K, reserved 552960K
  class space    used 5134K, capacity 5530K, committed 5632K, reserved 516096K
}
Event: 207.480 GC heap after
{Heap after GC invocations=11 (full 0):
 garbage-first heap   total 194560K, used 29028K [0x0000000080000000, 0x0000000100000000)
  region size 1024K, 8 young (8192K), 8 survivors (8192K)
 Metaspace       used 41123K, capacity 42165K, committed 42496K, reserved 552960K
  class space    used 5134K, capacity 5530K, committed 5632K, reserved 516096K
}

Deoptimization events (20 events):
Event: 203.995 Thread 0x000001dc704ec800 DEOPT PACKING pc=0x000001dc589dc574 sp=0x00000094f38f9960
Event: 203.998 Thread 0x000001dc704ec800 DEOPT UNPACKING pc=0x000001dc57ce9d0e sp=0x00000094f38f8f00 mode 0
Event: 205.166 Thread 0x000001dc70af9800 Uncommon trap: trap_request=0xffffffc6 fr.pc=0x000001dc5f9505c0 relative=0x0000000000000720
Event: 205.167 Thread 0x000001dc70afb000 Uncommon trap: trap_request=0xffffffc6 fr.pc=0x000001dc5f9505c0 relative=0x0000000000000720
Event: 205.168 Thread 0x000001dc70af9800 Uncommon trap: reason=bimorphic_or_optimized_type_check action=maybe_recompile pc=0x000001dc5f9505c0 method=java.io.BufferedInputStream.read([BII)I @ 101 c2
Event: 205.168 Thread 0x000001dc70af9800 DEOPT PACKING pc=0x000001dc5f9505c0 sp=0x00000094f42fe520
Event: 205.168 Thread 0x000001dc70afb000 Uncommon trap: reason=bimorphic_or_optimized_type_check action=maybe_recompile pc=0x000001dc5f9505c0 method=java.io.BufferedInputStream.read([BII)I @ 101 c2
Event: 205.168 Thread 0x000001dc70afb000 DEOPT PACKING pc=0x000001dc5f9505c0 sp=0x00000094f44fe0e0
Event: 205.168 Thread 0x000001dc70af9800 DEOPT UNPACKING pc=0x000001dc57ca85af sp=0x00000094f42fe4d8 mode 2
Event: 205.168 Thread 0x000001dc70afb000 DEOPT UNPACKING pc=0x000001dc57ca85af sp=0x00000094f44fe098 mode 2
Event: 205.203 Thread 0x000001dc70afb000 Uncommon trap: trap_request=0xffffffc6 fr.pc=0x000001dc5f9505c0 relative=0x0000000000000720
Event: 205.203 Thread 0x000001dc70afb000 Uncommon trap: reason=bimorphic_or_optimized_type_check action=maybe_recompile pc=0x000001dc5f9505c0 method=java.io.BufferedInputStream.read([BII)I @ 101 c2
Event: 205.203 Thread 0x000001dc70afb000 DEOPT PACKING pc=0x000001dc5f9505c0 sp=0x00000094f44fe0e0
Event: 205.203 Thread 0x000001dc70afb000 DEOPT UNPACKING pc=0x000001dc57ca85af sp=0x00000094f44fe098 mode 2
Event: 208.737 Thread 0x000001dc704ec800 Uncommon trap: trap_request=0xffffff4d fr.pc=0x000001dc5f8f22f4 relative=0x0000000000000994
Event: 208.737 Thread 0x000001dc704ec800 Uncommon trap: reason=unstable_if action=reinterpret pc=0x000001dc5f8f22f4 method=java.util.WeakHashMap.eq(Ljava/lang/Object;Ljava/lang/Object;)Z @ 2 c2
Event: 208.737 Thread 0x000001dc704ec800 DEOPT PACKING pc=0x000001dc5f8f22f4 sp=0x00000094f38f5ca0
Event: 208.737 Thread 0x000001dc704ec800 DEOPT UNPACKING pc=0x000001dc57ca85af sp=0x00000094f38f5c10 mode 2
Event: 211.937 Thread 0x000001dc704ec800 DEOPT PACKING pc=0x000001dc588f7b79 sp=0x00000094f38f3e90
Event: 211.937 Thread 0x000001dc704ec800 DEOPT UNPACKING pc=0x000001dc57ce9d0e sp=0x00000094f38f33d8 mode 0

Classes redefined (0 events):
No events

Internal exceptions (20 events):
Event: 209.112 Thread 0x000001dc704ec800 Exception <a 'java/lang/ClassNotFoundException'{0x000000008b747280}: java/lang/RuntimeCustomizer> (0x000000008b747280) thrown at [s\src\hotspot\share\classfile\systemDictionary.cpp, line 230]
Event: 211.517 Thread 0x000001dc704ec800 Exception <a 'java/lang/NoSuchMethodError'{0x000000008b770050}: 'void java.lang.invoke.DirectMethodHandle$Holder.invokeStatic(java.lang.Object, long)'> (0x000000008b770050) thrown at [s\src\hotspot\share\interpreter\linkResolver.cpp, line 773]
Event: 211.604 Thread 0x000001dc704ec800 Exception <a 'java/lang/NoSuchMethodError'{0x000000008b776118}: 'java.lang.Object java.lang.invoke.DirectMethodHandle$Holder.invokeStatic(java.lang.Object, long)'> (0x000000008b776118) thrown at [s\src\hotspot\share\interpreter\linkResolver.cpp, line 773]
Event: 211.913 Thread 0x000001dc704ec800 Exception <a 'java/lang/NoSuchMethodError'{0x000000008b77a430}: 'java.lang.Object java.lang.invoke.DirectMethodHandle$Holder.invokeSpecial(java.lang.Object, java.lang.Object, long)'> (0x000000008b77a430) thrown at [s\src\hotspot\share\interpreter\linkResolver.cpp, line 773]
Event: 211.936 Thread 0x000001dc704ec800 Exception <a 'java/lang/NoSuchMethodError'{0x000000008b782f58}: 'java.lang.Object java.lang.invoke.DirectMethodHandle$Holder.invokeStatic(java.lang.Object, java.lang.Object, long, java.lang.Object)'> (0x000000008b782f58) thrown at [s\src\hotspot\share\interpreter\linkResolver.cpp, line 773]
Event: 211.937 Thread 0x000001dc704ec800 Exception <a 'java/lang/NoSuchMethodError'{0x000000008b795518}: 'java.lang.Object java.lang.invoke.DirectMethodHandle$Holder.invokeStaticInit(java.lang.Object, java.lang.Object, long, java.lang.Object)'> (0x000000008b795518) thrown at [s\src\hotspot\share\interpreter\linkResolver.cpp, line 773]
Event: 211.970 Thread 0x000001dc704ec800 Exception <a 'java/lang/ClassNotFoundException'{0x000000008b7bab00}: java/lang/ProcessImplBeanInfo> (0x000000008b7bab00) thrown at [s\src\hotspot\share\classfile\systemDictionary.cpp, line 230]
Event: 211.972 Thread 0x000001dc704ec800 Exception <a 'java/lang/ClassNotFoundException'{0x000000008b7c04f0}: java/lang/ProcessBeanInfo> (0x000000008b7c04f0) thrown at [s\src\hotspot\share\classfile\systemDictionary.cpp, line 230]
Event: 211.973 Thread 0x000001dc704ec800 Exception <a 'java/lang/ClassNotFoundException'{0x000000008b7c5ea8}: java/lang/ProcessCustomizer> (0x000000008b7c5ea8) thrown at [s\src\hotspot\share\classfile\systemDictionary.cpp, line 230]
Event: 211.975 Thread 0x000001dc704ec800 Exception <a 'java/lang/ClassNotFoundException'{0x000000008b7d6740}: java/lang/ProcessImplCustomizer> (0x000000008b7d6740) thrown at [s\src\hotspot\share\classfile\systemDictionary.cpp, line 230]
Event: 212.204 Thread 0x000001dc704ec800 Exception <a 'java/lang/ClassNotFoundException'{0x000000008b62bf10}: java/io/InputStreamReaderBeanInfo> (0x000000008b62bf10) thrown at [s\src\hotspot\share\classfile\systemDictionary.cpp, line 230]
Event: 212.205 Thread 0x000001dc704ec800 Exception <a 'java/lang/ClassNotFoundException'{0x000000008b631878}: java/io/ReaderBeanInfo> (0x000000008b631878) thrown at [s\src\hotspot\share\classfile\systemDictionary.cpp, line 230]
Event: 212.206 Thread 0x000001dc704ec800 Exception <a 'java/lang/ClassNotFoundException'{0x000000008b6371f8}: java/io/ReaderCustomizer> (0x000000008b6371f8) thrown at [s\src\hotspot\share\classfile\systemDictionary.cpp, line 230]
Event: 212.208 Thread 0x000001dc704ec800 Exception <a 'java/lang/ClassNotFoundException'{0x000000008b642230}: java/io/InputStreamReaderCustomizer> (0x000000008b642230) thrown at [s\src\hotspot\share\classfile\systemDictionary.cpp, line 230]
Event: 212.214 Thread 0x000001dc704ec800 Exception <a 'java/lang/ClassNotFoundException'{0x000000008b6662b8}: java/io/BufferedReaderBeanInfo> (0x000000008b6662b8) thrown at [s\src\hotspot\share\classfile\systemDictionary.cpp, line 230]
Event: 212.214 Thread 0x000001dc704ec800 Exception <a 'java/lang/ClassNotFoundException'{0x000000008b66bc78}: java/io/BufferedReaderCustomizer> (0x000000008b66bc78) thrown at [s\src\hotspot\share\classfile\systemDictionary.cpp, line 230]
Event: 212.220 Thread 0x000001dc704ec800 Exception <a 'java/lang/ClassNotFoundException'{0x000000008b5a39b0}: java/lang/StringBufferBeanInfo> (0x000000008b5a39b0) thrown at [s\src\hotspot\share\classfile\systemDictionary.cpp, line 230]
Event: 212.220 Thread 0x000001dc704ec800 Exception <a 'java/lang/ClassNotFoundException'{0x000000008b5a93e8}: java/lang/AbstractStringBuilderBeanInfo> (0x000000008b5a93e8) thrown at [s\src\hotspot\share\classfile\systemDictionary.cpp, line 230]
Event: 212.221 Thread 0x000001dc704ec800 Exception <a 'java/lang/ClassNotFoundException'{0x000000008b5aef58}: java/lang/AbstractStringBuilderCustomizer> (0x000000008b5aef58) thrown at [s\src\hotspot\share\classfile\systemDictionary.cpp, line 230]
Event: 212.225 Thread 0x000001dc704ec800 Exception <a 'java/lang/ClassNotFoundException'{0x000000008b4931a0}: java/lang/StringBufferCustomizer> (0x000000008b4931a0) thrown at [s\src\hotspot\share\classfile\systemDictionary.cpp, line 230]

Events (20 events):
Event: 212.215 loading class groovy/runtime/metaclass/java/lang/StringBufferMetaClass
Event: 212.215 loading class groovy/runtime/metaclass/java/lang/StringBufferMetaClass done
Event: 212.220 loading class java/lang/StringBufferBeanInfo
Event: 212.220 loading class java/lang/StringBufferBeanInfo done
Event: 212.220 loading class java/lang/StringBufferBeanInfo
Event: 212.220 loading class java/lang/StringBufferBeanInfo done
Event: 212.220 loading class java/lang/AbstractStringBuilderBeanInfo
Event: 212.220 loading class java/lang/AbstractStringBuilderBeanInfo done
Event: 212.220 loading class java/lang/AbstractStringBuilderBeanInfo
Event: 212.220 loading class java/lang/AbstractStringBuilderBeanInfo done
Event: 212.221 loading class java/lang/AbstractStringBuilderCustomizer
Event: 212.221 loading class java/lang/AbstractStringBuilderCustomizer done
Event: 212.221 loading class java/lang/AbstractStringBuilderCustomizer
Event: 212.221 loading class java/lang/AbstractStringBuilderCustomizer done
Event: 212.225 loading class java/lang/StringBufferCustomizer
Event: 212.225 loading class java/lang/StringBufferCustomizer done
Event: 212.225 loading class java/lang/StringBufferCustomizer
Event: 212.225 loading class java/lang/StringBufferCustomizer done
Event: 212.245 loading class groovy/lang/GroovyRuntimeException
Event: 212.245 loading class groovy/lang/GroovyRuntimeException done


Dynamic libraries:
0x00007ff6f2b30000 - 0x00007ff6f2b3d000 	C:\Program Files\Microsoft\jdk-11.0.20.8-hotspot\bin\java.exe
0x00007ff803b10000 - 0x00007ff803d24000 	C:\WINDOWS\SYSTEM32\ntdll.dll
0x00007ff801fe0000 - 0x00007ff8020a4000 	C:\WINDOWS\System32\KERNEL32.DLL
0x00007ff800fe0000 - 0x00007ff801384000 	C:\WINDOWS\System32\KERNELBASE.dll
0x00007fffc7f40000 - 0x00007fffc7f57000 	C:\Program Files\Microsoft\jdk-11.0.20.8-hotspot\bin\jli.dll
0x00007fffc7a70000 - 0x00007fffc7a85000 	C:\Program Files\Microsoft\jdk-11.0.20.8-hotspot\bin\VCRUNTIME140.dll
0x00007ff800ec0000 - 0x00007ff800fd1000 	C:\WINDOWS\System32\ucrtbase.dll
0x00007ff801d10000 - 0x00007ff801ebe000 	C:\WINDOWS\System32\USER32.dll
0x00007ff801500000 - 0x00007ff801526000 	C:\WINDOWS\System32\win32u.dll
0x00007ff801ce0000 - 0x00007ff801d09000 	C:\WINDOWS\System32\GDI32.dll
0x00007ff801710000 - 0x00007ff801828000 	C:\WINDOWS\System32\gdi32full.dll
0x00007ff8015f0000 - 0x00007ff80168a000 	C:\WINDOWS\System32\msvcp_win.dll
0x00007fffe3990000 - 0x00007fffe3c23000 	C:\WINDOWS\WinSxS\amd64_microsoft.windows.common-controls_6595b64144ccf1df_6.0.22621.2215_none_270d72677387dfc3\COMCTL32.dll
0x00007ff803a20000 - 0x00007ff803ac7000 	C:\WINDOWS\System32\msvcrt.dll
0x00007ff802c50000 - 0x00007ff802c81000 	C:\WINDOWS\System32\IMM32.DLL
0x00007fffc0100000 - 0x00007fffc019b000 	C:\Program Files\Microsoft\jdk-11.0.20.8-hotspot\bin\msvcp140.dll
0x00007fffb49d0000 - 0x00007fffb5566000 	C:\Program Files\Microsoft\jdk-11.0.20.8-hotspot\bin\server\jvm.dll
0x00007ff8018a0000 - 0x00007ff801950000 	C:\WINDOWS\System32\ADVAPI32.dll
0x00007ff8037d0000 - 0x00007ff803876000 	C:\WINDOWS\System32\sechost.dll
0x00007ff801ec0000 - 0x00007ff801fd7000 	C:\WINDOWS\System32\RPCRT4.dll
0x00007ff802980000 - 0x00007ff802988000 	C:\WINDOWS\System32\PSAPI.DLL
0x00007fffe3e00000 - 0x00007fffe3e09000 	C:\WINDOWS\SYSTEM32\WSOCK32.dll
0x00007ff803880000 - 0x00007ff8038f1000 	C:\WINDOWS\System32\WS2_32.dll
0x00007ffff8e50000 - 0x00007ffff8e84000 	C:\WINDOWS\SYSTEM32\WINMM.dll
0x00007ffff7250000 - 0x00007ffff725a000 	C:\WINDOWS\SYSTEM32\VERSION.dll
0x00007ff800000000 - 0x00007ff800018000 	C:\WINDOWS\SYSTEM32\kernel.appcore.dll
0x00007fffed2c0000 - 0x00007fffed2d0000 	C:\Program Files\Microsoft\jdk-11.0.20.8-hotspot\bin\verify.dll
0x00007ffffe3f0000 - 0x00007ffffe61e000 	C:\WINDOWS\SYSTEM32\DBGHELP.DLL
0x00007ff801950000 - 0x00007ff801cda000 	C:\WINDOWS\System32\combase.dll
0x00007ff802c90000 - 0x00007ff802d67000 	C:\WINDOWS\System32\OLEAUT32.dll
0x00007fffe9230000 - 0x00007fffe9262000 	C:\WINDOWS\SYSTEM32\dbgcore.DLL
0x00007ff801690000 - 0x00007ff80170a000 	C:\WINDOWS\System32\bcryptPrimitives.dll
0x00007fffc0f20000 - 0x00007fffc0f48000 	C:\Program Files\Microsoft\jdk-11.0.20.8-hotspot\bin\java.dll
0x00007fffed270000 - 0x00007fffed27a000 	C:\Program Files\Microsoft\jdk-11.0.20.8-hotspot\bin\jimage.dll
0x00007fffc5210000 - 0x00007fffc5228000 	C:\Program Files\Microsoft\jdk-11.0.20.8-hotspot\bin\zip.dll
0x00007ff8020c0000 - 0x00007ff8028e3000 	C:\WINDOWS\System32\SHELL32.dll
0x00007ffffee40000 - 0x00007fffff72a000 	C:\WINDOWS\SYSTEM32\windows.storage.dll
0x00007ffffed00000 - 0x00007ffffee3e000 	C:\WINDOWS\SYSTEM32\wintypes.dll
0x00007ff803920000 - 0x00007ff803a13000 	C:\WINDOWS\System32\SHCORE.dll
0x00007ff802b30000 - 0x00007ff802b8e000 	C:\WINDOWS\System32\shlwapi.dll
0x00007ff800df0000 - 0x00007ff800e16000 	C:\WINDOWS\SYSTEM32\profapi.dll
0x00007fffc4480000 - 0x00007fffc4499000 	C:\Program Files\Microsoft\jdk-11.0.20.8-hotspot\bin\net.dll
0x00007ffffaab0000 - 0x00007ffffabe7000 	C:\WINDOWS\SYSTEM32\WINHTTP.dll
0x00007ff800390000 - 0x00007ff8003f9000 	C:\WINDOWS\system32\mswsock.dll
0x00007fffc4270000 - 0x00007fffc4283000 	C:\Program Files\Microsoft\jdk-11.0.20.8-hotspot\bin\nio.dll
0x00007fffed920000 - 0x00007fffed947000 	C:\Users\david\.gradle\native\68d5fa5c4cc2d200863cafc0d521ce42e7d3e7ee720ec0a83991735586a16f82\windows-amd64\native-platform.dll
0x00007fffc2ea0000 - 0x00007fffc2fe4000 	C:\Users\david\.gradle\native\e376f236ea51e6404a007f0833ffe2c6e607c4080706a723a18a27aeea778392\windows-amd64\native-platform-file-events.dll
0x00007fffe5ac0000 - 0x00007fffe5ac9000 	C:\Program Files\Microsoft\jdk-11.0.20.8-hotspot\bin\management.dll
0x00007fffe3cb0000 - 0x00007fffe3cbb000 	C:\Program Files\Microsoft\jdk-11.0.20.8-hotspot\bin\management_ext.dll
0x00007ff8005e0000 - 0x00007ff8005fb000 	C:\WINDOWS\SYSTEM32\CRYPTSP.dll
0x00007fffffe70000 - 0x00007fffffea5000 	C:\WINDOWS\system32\rsaenh.dll
0x00007ff800480000 - 0x00007ff8004ac000 	C:\WINDOWS\SYSTEM32\USERENV.dll
0x00007ff8007a0000 - 0x00007ff8007c8000 	C:\WINDOWS\SYSTEM32\bcrypt.dll
0x00007ff800600000 - 0x00007ff80060c000 	C:\WINDOWS\SYSTEM32\CRYPTBASE.dll
0x00007fffff9d0000 - 0x00007fffff9fd000 	C:\WINDOWS\SYSTEM32\IPHLPAPI.DLL
0x00007ff8033d0000 - 0x00007ff8033d9000 	C:\WINDOWS\System32\NSI.dll
0x00007ffffa8b0000 - 0x00007ffffa8c9000 	C:\WINDOWS\SYSTEM32\dhcpcsvc6.DLL
0x00007ffffa850000 - 0x00007ffffa86f000 	C:\WINDOWS\SYSTEM32\dhcpcsvc.DLL
0x00007fffffa00000 - 0x00007fffffaf2000 	C:\WINDOWS\SYSTEM32\DNSAPI.dll

dbghelp: loaded successfully - version: 4.0.5 - missing functions: none
symbol engine: initialized successfully - sym options: 0x614 - pdb path: .;C:\Program Files\Microsoft\jdk-11.0.20.8-hotspot\bin;C:\WINDOWS\SYSTEM32;C:\WINDOWS\WinSxS\amd64_microsoft.windows.common-controls_6595b64144ccf1df_6.0.22621.2215_none_270d72677387dfc3;C:\Program Files\Microsoft\jdk-11.0.20.8-hotspot\bin\server;C:\Users\david\.gradle\native\68d5fa5c4cc2d200863cafc0d521ce42e7d3e7ee720ec0a83991735586a16f82\windows-amd64;C:\Users\david\.gradle\native\e376f236ea51e6404a007f0833ffe2c6e607c4080706a723a18a27aeea778392\windows-amd64

VM Arguments:
jvm_args: -XX:MaxMetaspaceSize=512m --add-opens=java.base/java.util=ALL-UNNAMED --add-opens=java.base/java.lang=ALL-UNNAMED --add-opens=java.base/java.lang.invoke=ALL-UNNAMED --add-opens=java.prefs/java.util.prefs=ALL-UNNAMED --add-opens=java.base/java.nio.charset=ALL-UNNAMED --add-opens=java.base/java.net=ALL-UNNAMED --add-opens=java.base/java.util.concurrent.atomic=ALL-UNNAMED -Xmx2048m -Dfile.encoding=windows-1252 -Duser.country=IN -Duser.language=en -Duser.variant 
java_command: org.gradle.launcher.daemon.bootstrap.GradleDaemon 8.0.1
java_class_path (initial): C:\Users\david\.gradle\wrapper\dists\gradle-8.0.1-all\aro4hu1c3oeioove7l0i4i14o\gradle-8.0.1\lib\gradle-launcher-8.0.1.jar
Launcher Type: SUN_STANDARD

[Global flags]
     intx CICompilerCount                          = 4                                         {product} {ergonomic}
   size_t CompressedClassSpaceSize                 = 528482304                                 {product} {ergonomic}
     uint ConcGCThreads                            = 2                                         {product} {ergonomic}
     uint G1ConcRefinementThreads                  = 8                                         {product} {ergonomic}
   size_t G1HeapRegionSize                         = 1048576                                   {product} {ergonomic}
    uintx GCDrainStackTargetSize                   = 64                                        {product} {ergonomic}
   size_t InitialHeapSize                          = 199229440                                 {product} {ergonomic}
   size_t MarkStackSize                            = 4194304                                   {product} {ergonomic}
   size_t MaxHeapSize                              = 2147483648                                {product} {command line}
   size_t MaxMetaspaceSize                         = 536870912                                 {product} {command line}
   size_t MaxNewSize                               = 1287651328                                {product} {ergonomic}
   size_t MinHeapDeltaBytes                        = 1048576                                   {product} {ergonomic}
    uintx NonNMethodCodeHeapSize                   = 5836300                                {pd product} {ergonomic}
    uintx NonProfiledCodeHeapSize                  = 122910970                              {pd product} {ergonomic}
    uintx ProfiledCodeHeapSize                     = 122910970                              {pd product} {ergonomic}
    uintx ReservedCodeCacheSize                    = 251658240                              {pd product} {ergonomic}
     bool SegmentedCodeCache                       = true                                      {product} {ergonomic}
     bool UseCompressedClassPointers               = true                                 {lp64_product} {ergonomic}
     bool UseCompressedOops                        = true                                 {lp64_product} {ergonomic}
     bool UseG1GC                                  = true                                      {product} {ergonomic}
     bool UseLargePagesIndividualAllocation        = false                                  {pd product} {ergonomic}

Logging:
Log output configuration:
 #0: stdout all=warning uptime,level,tags
 #1: stderr all=off uptime,level,tags

Environment Variables:
JAVA_HOME=C:\Program Files\Microsoft\jdk-11.0.20.8-hotspot\
CLASSPATH=D:\Freelancer\MahakalCoalApp\android\\gradle\wrapper\gradle-wrapper.jar
PATH=D:\Freelancer\MahakalCoalApp\node_modules\.bin;D:\Freelancer\MahakalCoalApp\node_modules\.bin;D:\Freelancer\node_modules\.bin;D:\node_modules\.bin;C:\Program Files\nodejs\node_modules\npm\node_modules\@npmcli\run-script\lib\node-gyp-bin;D:\Freelancer\MahakalCoalApp\node_modules\.bin;D:\Freelancer\node_modules\.bin;D:\node_modules\.bin;C:\Program Files\nodejs\node_modules\npm\node_modules\@npmcli\run-script\lib\node-gyp-bin;C:\Python312\Scripts\;C:\Python312\;C:\Program Files\Common Files\Oracle\Java\javapath;C:\Program Files\Microsoft\jdk-11.0.20.8-hotspot\bin;C:\Python311\Scripts\;C:\Python311\;C:\WINDOWS\system32;C:\WINDOWS;C:\WINDOWS\System32\Wbem;C:\WINDOWS\System32\WindowsPowerShell\v1.0\;C:\WINDOWS\System32\OpenSSH\;C:\ProgramData\chocolatey\bin;C:\Program Files\Git\cmd;C:\Program Files\Java\jdk-20;C:\Program Files\Java\jdk-20\bin;C:\Program Files\nodejs\;C:\Users\david\AppData\Local\Android\Sdk\tools;C:\Users\david\AppData\Local\Android\Sdk\tools;C:\Users\david\AppData\Local\Android\Sdk\tools;C:\Users\david\AppData\Local\Microsoft\WindowsApps;C:\Users\david\AppData\Local\GitHubDesktop\bin;C:\Users\david\AppData\Local\Android\Sdk\platform-tools;C:\Users\david\AppData\Local\Programs\Microsoft VS Code\bin;C:\Users\david\AppData\Roaming\npm\node_modules\yarn\bin;C:\Users\david\AppData\Roaming\npm
USERNAME=david
LANG=en_US.UTF-8
OS=Windows_NT
PROCESSOR_IDENTIFIER=Intel64 Family 6 Model 140 Stepping 1, GenuineIntel
TMP=C:\Users\david\AppData\Local\Temp
TEMP=C:\Users\david\AppData\Local\Temp



---------------  S Y S T E M  ---------------

OS: Windows 11 , 64 bit Build 22621 (10.0.22621.2215)
OS uptime: 7 days 7:49 hours

CPU:total 8 (initial active 8) (4 cores per cpu, 2 threads per core) family 6 model 140 stepping 1 microcode 0x9a, cmov, cx8, fxsr, mmx, sse, sse2, sse3, ssse3, sse4.1, sse4.2, popcnt, avx, avx2, aes, clmul, erms, 3dnowpref, lzcnt, ht, tsc, tscinvbit, bmi1, bmi2, adx, evex, sha, fma

Memory: 4k page, system-wide physical 12087M (18M free)
TotalPageFile size 48951M (AvailPageFile size 0M)
current process WorkingSet (physical memory assigned to process): 15M, peak: 137M
current process commit charge ("private bytes"): 353M, peak: 374M

vm_info: OpenJDK 64-Bit Server VM (11.0.20+8-LTS) for windows-amd64 JRE (11.0.20+8-LTS), built on Jul  7 2023 17:05:21 by "MicrosoftCorporation" with MS VC++ 15.9 (VS2017)

END.
